[23:11:42] [main/INFO] [FML/]: Forge Mod Loader version 7.99.4.1614 for Minecraft 1.7.10 loading
[23:11:43] [main/INFO] [FML/]: Java is Java HotSpot(TM) 64-Bit Server VM, version 1.8.0_391, running on Windows 11:amd64:10.0, installed at C:\Program Files\Java\jre-1.8
[23:11:43] [main/INFO] [STDERR/]: [pw.prok.imagine.ImagineLoadingPlugin:<clinit>:26]: Loading plugin initialized!
[23:11:43] [main/INFO] [FML/]: Loading tweaker org.spongepowered.asm.launch.MixinTweaker from +unimixins-all-1.7.10-0.1.16.jar
[23:11:43] [main/INFO] [FML/]: [AppEng] Core Init
[23:11:43] [main/INFO] [FML/]: Loading tweaker org.spongepowered.asm.launch.MixinTweaker from battlegear2-1.3.5.jar
[23:11:43] [main/ERROR] [FML/]: Coremod DepLoader: Unable to class load the plugin .thaumcraft.codechicken.core.launch.DepLoader
java.lang.ClassNotFoundException: /thaumcraft/codechicken/core/launch/DepLoader
	at java.lang.Class.forName0(Native Method) ~[?:1.8.0_391]
	at java.lang.Class.forName(Unknown Source) ~[?:1.8.0_391]
	at cpw.mods.fml.relauncher.CoreModManager.loadCoreMod(CoreModManager.java:485) [KCauldron-1.7.10-1614.201.jar:1.7.10-R0.1-SNAPSHOT]
	at cpw.mods.fml.relauncher.CoreModManager.discoverCoreMods(CoreModManager.java:414) [KCauldron-1.7.10-1614.201.jar:1.7.10-R0.1-SNAPSHOT]
	at cpw.mods.fml.relauncher.CoreModManager.handleLaunch(CoreModManager.java:225) [KCauldron-1.7.10-1614.201.jar:1.7.10-R0.1-SNAPSHOT]
	at cpw.mods.fml.relauncher.FMLLaunchHandler.setupHome(FMLLaunchHandler.java:90) [KCauldron-1.7.10-1614.201.jar:1.7.10-R0.1-SNAPSHOT]
	at cpw.mods.fml.relauncher.FMLLaunchHandler.setupServer(FMLLaunchHandler.java:74) [KCauldron-1.7.10-1614.201.jar:1.7.10-R0.1-SNAPSHOT]
	at cpw.mods.fml.relauncher.FMLLaunchHandler.configureForServerLaunch(FMLLaunchHandler.java:39) [KCauldron-1.7.10-1614.201.jar:1.7.10-R0.1-SNAPSHOT]
	at cpw.mods.fml.common.launcher.FMLServerTweaker.injectIntoClassLoader(FMLServerTweaker.java:23) [KCauldron-1.7.10-1614.201.jar:1.7.10-R0.1-SNAPSHOT]
	at net.minecraft.launchwrapper.Launch.launch(Launch.java:115) [launchwrapper-1.12.jar:?]
	at net.minecraft.launchwrapper.Launch.main(Launch.java:28) [launchwrapper-1.12.jar:?]
	at sun.reflect.NativeMethodAccessorImpl.invoke0(Native Method) ~[?:1.8.0_391]
	at sun.reflect.NativeMethodAccessorImpl.invoke(Unknown Source) ~[?:1.8.0_391]
	at sun.reflect.DelegatingMethodAccessorImpl.invoke(Unknown Source) ~[?:1.8.0_391]
	at java.lang.reflect.Method.invoke(Unknown Source) ~[?:1.8.0_391]
	at cpw.mods.fml.relauncher.ServerLaunchWrapper.run(ServerLaunchWrapper.java:43) [KCauldron-1.7.10-1614.201.jar:1.7.10-R0.1-SNAPSHOT]
	at cpw.mods.fml.relauncher.ServerLaunchWrapper.main(ServerLaunchWrapper.java:12) [KCauldron-1.7.10-1614.201.jar:1.7.10-R0.1-SNAPSHOT]
[23:11:45] [main/WARN] [FML/]: The following coremods do not have a @MCVersion annotation. They may cause problems if this is not the correct version of Minecraft for them.
[23:11:45] [main/WARN] [FML/]: Missing @MCVersion: codechicken.core.launch.CodeChickenCorePlugin  cofh.asm.LoadingPlugin  ic2.core.coremod.IC2core  logisticspipes.asm.LogisticsPipesCoreLoader  
[23:11:45] [main/INFO] [LaunchWrapper/]: Loading tweak class name cpw.mods.fml.common.launcher.FMLInjectionAndSortingTweaker
[23:11:45] [main/INFO] [LaunchWrapper/]: Loading tweak class name org.spongepowered.asm.launch.MixinTweaker
[23:11:45] [main/INFO] [mixin/]: SpongePowered MIXIN Subsystem Version=0.8.5 Source=file:/C:/Users/Marcos/Documents/GitHub/MeteorCraftServer/MCServer/mods/+unimixins-all-1.7.10-0.1.16.jar Service=LaunchWrapper Env=SERVER
[23:11:45] [main/INFO] [MixinBooter/]: MixinBootstrap Initializing...
[23:11:45] [main/INFO] [mixin/]: Compatibility level set to JAVA_8
[23:11:45] [main/INFO] [GasStation Core Plugin/]: Initializing GasStationCore
[23:11:45] [main/INFO] [GTNHMixins Core Plugin/]: Initializing GTNHMixins Core
[23:11:45] [main/INFO] [unimixins/]: Instantiating AllCore
[23:11:45] [main/INFO] [unimixins/]: Instantiating CompatCore
[23:11:45] [main/INFO] [unimixins-mixinextras/]: Instantiating MixinExtrasCore
[23:11:45] [main/WARN] [LaunchWrapper/]: Tweak class name org.spongepowered.asm.launch.MixinTweaker has already been visited -- skipping
[23:11:45] [main/INFO] [LaunchWrapper/]: Loading tweak class name cpw.mods.fml.common.launcher.FMLDeobfTweaker
[23:11:45] [main/INFO] [LaunchWrapper/]: Calling tweak class cpw.mods.fml.common.launcher.FMLInjectionAndSortingTweaker
[23:11:45] [main/INFO] [LaunchWrapper/]: Calling tweak class cpw.mods.fml.common.launcher.FMLInjectionAndSortingTweaker
[23:11:45] [main/INFO] [LaunchWrapper/]: Calling tweak class cpw.mods.fml.relauncher.CoreModManager$FMLPluginWrapper
[23:11:46] [main/INFO] [LaunchWrapper/]: Calling tweak class cpw.mods.fml.relauncher.CoreModManager$FMLPluginWrapper
[23:11:46] [main/INFO] [LaunchWrapper/]: Calling tweak class cpw.mods.fml.relauncher.CoreModManager$FMLPluginWrapper
[23:11:46] [main/INFO] [LaunchWrapper/]: Calling tweak class cpw.mods.fml.relauncher.CoreModManager$FMLPluginWrapper
[23:11:47] [main/INFO] [LaunchWrapper/]: Calling tweak class cpw.mods.fml.relauncher.CoreModManager$FMLPluginWrapper
[23:11:47] [main/INFO] [LaunchWrapper/]: Calling tweak class cpw.mods.fml.relauncher.CoreModManager$FMLPluginWrapper
[23:11:47] [main/INFO] [AE2-ApiRepairer/]: AE2 ApiFixer Installed
[23:11:47] [main/INFO] [LaunchWrapper/]: Calling tweak class cpw.mods.fml.relauncher.CoreModManager$FMLPluginWrapper
[23:11:47] [main/INFO] [LaunchWrapper/]: Calling tweak class cpw.mods.fml.relauncher.CoreModManager$FMLPluginWrapper
[23:11:47] [main/INFO] [IC2-core/]: Loaded library EJML-core-0.26.jar.
[23:11:47] [main/INFO] [LaunchWrapper/]: Calling tweak class cpw.mods.fml.relauncher.CoreModManager$FMLPluginWrapper
[23:11:47] [main/INFO] [LaunchWrapper/]: Calling tweak class cpw.mods.fml.relauncher.CoreModManager$FMLPluginWrapper
[23:11:47] [main/INFO] [LaunchWrapper/]: Calling tweak class cpw.mods.fml.relauncher.CoreModManager$FMLPluginWrapper
[23:11:47] [main/INFO] [LaunchWrapper/]: Calling tweak class cpw.mods.fml.relauncher.CoreModManager$FMLPluginWrapper
[23:11:47] [main/INFO] [LaunchWrapper/]: Calling tweak class org.spongepowered.asm.launch.MixinTweaker
[23:11:47] [main/INFO] [mixin/]: Initialised Mixin FML Remapper Adapter with cpw.mods.fml.common.asm.transformers.deobf.FMLDeobfuscatingRemapper@26ee7676
[23:11:47] [main/INFO] [GTNHMixins Core Plugin/]: Examining core mod list
[23:11:47] [main/INFO] [GTNHMixins Core Plugin/]: LoadedCoreMods [codechicken.core.asm.MCPDeobfuscationTransformer$LoadPlugin, cpw.mods.fml.relauncher.FMLCorePlugin, logisticspipes.asm.LogisticsPipesCoreLoader, pw.prok.imagine.ImagineLoadingPlugin, org.spongepowered.asm.launch.MixinTweaker, ic2.core.coremod.IC2core, api.player.forge.PlayerAPIPlugin, codechicken.core.launch.CodeChickenCorePlugin, Dummy Container (null) , net.minecraftforge.classloading.FMLForgePlugin, com.glodblock.github.coremod.FluidCraftCore, api.player.forge.RenderPlayerAPIPlugin, mods.battlegear2.asm.loader.BattlegearLoadingPlugin, codechicken.lib, io.github.legacymoddingmc.unimixins.all.AllCore, net.smart.core.SmartCorePlugin, Bukkit, cpw.mods.fml.common.launcher.FMLDeobfTweaker, cofh.asm.LoadingPlugin]
[23:11:47] [main/INFO] [GTNHMixins Core Plugin/]: Loading [mixins.battlegear2.early.json] MixinEntityPlayer
[23:11:47] [main/INFO] [GTNHMixins Core Plugin/]: Loading [mixins.battlegear2.early.json] MixinItemStack
[23:11:47] [main/INFO] [GTNHMixins Core Plugin/]: Loading [mixins.battlegear2.early.json] MixinInventoryPlayer
[23:11:47] [main/INFO] [GTNHMixins Core Plugin/]: Loading [mixins.battlegear2.early.json] MixinNetHandlerPlayServer
[23:11:47] [main/INFO] [LaunchWrapper/]: Calling tweak class cpw.mods.fml.common.launcher.FMLDeobfTweaker
[23:11:48] [main/INFO] [LaunchWrapper/]: Calling tweak class cpw.mods.fml.relauncher.CoreModManager$FMLPluginWrapper
[23:11:48] [main/INFO] [LaunchWrapper/]: Loading tweak class name cpw.mods.fml.common.launcher.TerminalTweaker
[23:11:48] [main/INFO] [LaunchWrapper/]: Loading tweak class name org.spongepowered.asm.mixin.EnvironmentStateTweaker
[23:11:48] [main/INFO] [LaunchWrapper/]: Calling tweak class cpw.mods.fml.common.launcher.TerminalTweaker
[23:11:48] [main/INFO] [LaunchWrapper/]: Calling tweak class org.spongepowered.asm.mixin.EnvironmentStateTweaker
[23:11:48] [main/INFO] [MixinExtras|Service/]: Initializing MixinExtras via com.llamalad7.mixinextras.service.MixinExtrasServiceImpl(version=0.3.5).
[23:11:48] [main/INFO] [LaunchWrapper/]: Launching wrapped minecraft {net.minecraft.server.MinecraftServer}
[23:11:50] [Server thread/INFO] [unimixins/]: Transforming FMLCommonHandler to add hook for enhancing crash reports
[23:11:50] [Server thread/INFO] [MinecraftForge/]: Attempting early MinecraftForge initialization
[23:11:50] [Server thread/INFO] [FML/]: MinecraftForge v10.13.4.1614 Initialized
[23:11:50] [Server thread/INFO] [FML/]: Replaced 183 ore recipies
[23:11:50] [Server thread/INFO] [MinecraftForge/]: Completed early MinecraftForge initialization
[23:11:50] [Server thread/INFO] [FML/]: [AppEng] Core Init
[23:11:50] [Server thread/INFO] [FML/]: Found 0 mods from the command line. Injecting into mod discoverer
[23:11:50] [Server thread/INFO] [FML/]: Searching C:\Users\Marcos\Documents\GitHub\MeteorCraftServer\MCServer\mods for mods
[23:11:50] [Server thread/INFO] [FML/]: Also searching C:\Users\Marcos\Documents\GitHub\MeteorCraftServer\MCServer\mods\1.7.10 for mods
[23:11:52] [Server thread/WARN] [ChickenChunks/]: Mod ChickenChunks is missing the required element 'version' and a version.properties file could not be found. Falling back to metadata version 1.3.4.19
[23:11:52] [Server thread/WARN] [EnderStorage/]: Mod EnderStorage is missing the required element 'version' and a version.properties file could not be found. Falling back to metadata version 1.4.7.37
[23:11:53] [Server thread/ERROR] [FML/]: Found a duplicate mod AdvancedSolarPanel at [C:\Users\Marcos\Documents\GitHub\MeteorCraftServer\MCServer\mods\AdvancedSolarPanel-1.7.10-3.5.1a.jar, C:\Users\Marcos\Documents\GitHub\MeteorCraftServer\MCServer\mods\AdvancedSolarPanel_1.7.10_Edition.jar]
[23:11:53] [Server thread/WARN] [FML/]: Can't revert to frozen GameData state without freezing first.
[23:11:53] [Server thread/INFO] [FML/]: Applying holder lookups
[23:11:53] [Server thread/INFO] [FML/]: Holder lookups applied
[23:11:53] [Server thread/INFO] [FML/]: The state engine was in incorrect state CONSTRUCTING and forced into state SERVER_STOPPED. Errors may have been discarded.
