[23:12:50] [main/INFO] [FML/]: Forge Mod Loader version 7.99.4.1614 for Minecraft 1.7.10 loading
[23:12:51] [main/INFO] [FML/]: Java is Java HotSpot(TM) 64-Bit Server VM, version 1.8.0_391, running on Windows 11:amd64:10.0, installed at C:\Program Files\Java\jre-1.8
[23:12:51] [main/INFO] [STDERR/]: [pw.prok.imagine.ImagineLoadingPlugin:<clinit>:26]: Loading plugin initialized!
[23:12:51] [main/INFO] [FML/]: Loading tweaker org.spongepowered.asm.launch.MixinTweaker from +unimixins-all-1.7.10-0.1.16.jar
[23:12:51] [main/INFO] [FML/]: [AppEng] Core Init
[23:12:51] [main/INFO] [FML/]: Loading tweaker org.spongepowered.asm.launch.MixinTweaker from battlegear2-1.3.5.jar
[23:12:51] [main/ERROR] [FML/]: Coremod DepLoader: Unable to class load the plugin .thaumcraft.codechicken.core.launch.DepLoader
java.lang.ClassNotFoundException: /thaumcraft/codechicken/core/launch/DepLoader
	at java.lang.Class.forName0(Native Method) ~[?:1.8.0_391]
	at java.lang.Class.forName(Unknown Source) ~[?:1.8.0_391]
	at cpw.mods.fml.relauncher.CoreModManager.loadCoreMod(CoreModManager.java:485) [KCauldron-1.7.10-1614.201.jar:1.7.10-R0.1-SNAPSHOT]
	at cpw.mods.fml.relauncher.CoreModManager.discoverCoreMods(CoreModManager.java:414) [KCauldron-1.7.10-1614.201.jar:1.7.10-R0.1-SNAPSHOT]
	at cpw.mods.fml.relauncher.CoreModManager.handleLaunch(CoreModManager.java:225) [KCauldron-1.7.10-1614.201.jar:1.7.10-R0.1-SNAPSHOT]
	at cpw.mods.fml.relauncher.FMLLaunchHandler.setupHome(FMLLaunchHandler.java:90) [KCauldron-1.7.10-1614.201.jar:1.7.10-R0.1-SNAPSHOT]
	at cpw.mods.fml.relauncher.FMLLaunchHandler.setupServer(FMLLaunchHandler.java:74) [KCauldron-1.7.10-1614.201.jar:1.7.10-R0.1-SNAPSHOT]
	at cpw.mods.fml.relauncher.FMLLaunchHandler.configureForServerLaunch(FMLLaunchHandler.java:39) [KCauldron-1.7.10-1614.201.jar:1.7.10-R0.1-SNAPSHOT]
	at cpw.mods.fml.common.launcher.FMLServerTweaker.injectIntoClassLoader(FMLServerTweaker.java:23) [KCauldron-1.7.10-1614.201.jar:1.7.10-R0.1-SNAPSHOT]
	at net.minecraft.launchwrapper.Launch.launch(Launch.java:115) [launchwrapper-1.12.jar:?]
	at net.minecraft.launchwrapper.Launch.main(Launch.java:28) [launchwrapper-1.12.jar:?]
	at sun.reflect.NativeMethodAccessorImpl.invoke0(Native Method) ~[?:1.8.0_391]
	at sun.reflect.NativeMethodAccessorImpl.invoke(Unknown Source) ~[?:1.8.0_391]
	at sun.reflect.DelegatingMethodAccessorImpl.invoke(Unknown Source) ~[?:1.8.0_391]
	at java.lang.reflect.Method.invoke(Unknown Source) ~[?:1.8.0_391]
	at cpw.mods.fml.relauncher.ServerLaunchWrapper.run(ServerLaunchWrapper.java:43) [KCauldron-1.7.10-1614.201.jar:1.7.10-R0.1-SNAPSHOT]
	at cpw.mods.fml.relauncher.ServerLaunchWrapper.main(ServerLaunchWrapper.java:12) [KCauldron-1.7.10-1614.201.jar:1.7.10-R0.1-SNAPSHOT]
[23:12:53] [main/WARN] [CodeChickenCore/]: Deleted old version CodeChickenLib-1.7.10-1.1.3.141-universal.jar
[23:12:55] [main/ERROR] [FML/]: Unable to read the jar file CodeChickenLib-1.7.10-1.1.3.141-universal.jar - ignoring
java.io.FileNotFoundException: C:\Users\Marcos\Documents\GitHub\MeteorCraftServer\MCServer\mods\1.7.10\CodeChickenLib-1.7.10-1.1.3.141-universal.jar (O sistema não pode encontrar o arquivo especificado)
	at java.util.zip.ZipFile.open(Native Method) ~[?:1.8.0_391]
	at java.util.zip.ZipFile.<init>(Unknown Source) ~[?:1.8.0_391]
	at java.util.zip.ZipFile.<init>(Unknown Source) ~[?:1.8.0_391]
	at java.util.jar.JarFile.<init>(Unknown Source) ~[?:1.8.0_391]
	at java.util.jar.JarFile.<init>(Unknown Source) ~[?:1.8.0_391]
	at cpw.mods.fml.relauncher.CoreModManager.discoverCoreMods(CoreModManager.java:325) [KCauldron-1.7.10-1614.201.jar:1.7.10-R0.1-SNAPSHOT]
	at cpw.mods.fml.relauncher.CoreModManager.handleLaunch(CoreModManager.java:225) [KCauldron-1.7.10-1614.201.jar:1.7.10-R0.1-SNAPSHOT]
	at cpw.mods.fml.relauncher.FMLLaunchHandler.setupHome(FMLLaunchHandler.java:90) [KCauldron-1.7.10-1614.201.jar:1.7.10-R0.1-SNAPSHOT]
	at cpw.mods.fml.relauncher.FMLLaunchHandler.setupServer(FMLLaunchHandler.java:74) [KCauldron-1.7.10-1614.201.jar:1.7.10-R0.1-SNAPSHOT]
	at cpw.mods.fml.relauncher.FMLLaunchHandler.configureForServerLaunch(FMLLaunchHandler.java:39) [KCauldron-1.7.10-1614.201.jar:1.7.10-R0.1-SNAPSHOT]
	at cpw.mods.fml.common.launcher.FMLServerTweaker.injectIntoClassLoader(FMLServerTweaker.java:23) [KCauldron-1.7.10-1614.201.jar:1.7.10-R0.1-SNAPSHOT]
	at net.minecraft.launchwrapper.Launch.launch(Launch.java:115) [launchwrapper-1.12.jar:?]
	at net.minecraft.launchwrapper.Launch.main(Launch.java:28) [launchwrapper-1.12.jar:?]
	at sun.reflect.NativeMethodAccessorImpl.invoke0(Native Method) ~[?:1.8.0_391]
	at sun.reflect.NativeMethodAccessorImpl.invoke(Unknown Source) ~[?:1.8.0_391]
	at sun.reflect.DelegatingMethodAccessorImpl.invoke(Unknown Source) ~[?:1.8.0_391]
	at java.lang.reflect.Method.invoke(Unknown Source) ~[?:1.8.0_391]
	at cpw.mods.fml.relauncher.ServerLaunchWrapper.run(ServerLaunchWrapper.java:43) [KCauldron-1.7.10-1614.201.jar:1.7.10-R0.1-SNAPSHOT]
	at cpw.mods.fml.relauncher.ServerLaunchWrapper.main(ServerLaunchWrapper.java:12) [KCauldron-1.7.10-1614.201.jar:1.7.10-R0.1-SNAPSHOT]
[23:12:55] [main/INFO] [FML/]: Loading tweaker org.spongepowered.asm.launch.MixinTweaker from CustomNPC-Plus-1.9.1-nomixin.jar
[23:12:55] [main/INFO] [FML/]: Loading tweaker org.spongepowered.asm.launch.MixinTweaker from Et_Futurum_Requiem-2.5.1+nomixin.jar
[23:12:55] [main/INFO] [FML/]: Found FastCraft tweaker, skipping...
[23:12:55] [main/INFO] [FML/]: Loading tweaker org.spongepowered.asm.launch.MixinTweaker from hodgepodge-2.4.40.jar
[23:12:55] [main/WARN] [FML/]: The following coremods do not have a @MCVersion annotation. They may cause problems if this is not the correct version of Minecraft for them.
[23:12:55] [main/WARN] [FML/]: Missing @MCVersion: cofh.asm.LoadingPlugin  ic2.core.coremod.IC2core  logisticspipes.asm.LogisticsPipesCoreLoader  
[23:12:55] [main/INFO] [LaunchWrapper/]: Loading tweak class name cpw.mods.fml.common.launcher.FMLInjectionAndSortingTweaker
[23:12:55] [main/INFO] [LaunchWrapper/]: Loading tweak class name org.spongepowered.asm.launch.MixinTweaker
[23:12:55] [main/INFO] [mixin/]: SpongePowered MIXIN Subsystem Version=0.8.5 Source=file:/C:/Users/Marcos/Documents/GitHub/MeteorCraftServer/MCServer/mods/+unimixins-all-1.7.10-0.1.16.jar Service=LaunchWrapper Env=SERVER
[23:12:55] [main/INFO] [MixinBooter/]: MixinBootstrap Initializing...
[23:12:55] [main/INFO] [mixin/]: Compatibility level set to JAVA_8
[23:12:55] [main/INFO] [GasStation Core Plugin/]: Initializing GasStationCore
[23:12:55] [main/INFO] [GTNHMixins Core Plugin/]: Initializing GTNHMixins Core
[23:12:55] [main/INFO] [unimixins/]: Instantiating AllCore
[23:12:55] [main/INFO] [unimixins/]: Instantiating CompatCore
[23:12:55] [main/INFO] [unimixins-mixinextras/]: Instantiating MixinExtrasCore
[23:12:55] [main/WARN] [LaunchWrapper/]: Tweak class name org.spongepowered.asm.launch.MixinTweaker has already been visited -- skipping
[23:12:55] [main/WARN] [LaunchWrapper/]: Tweak class name org.spongepowered.asm.launch.MixinTweaker has already been visited -- skipping
[23:12:55] [main/WARN] [LaunchWrapper/]: Tweak class name org.spongepowered.asm.launch.MixinTweaker has already been visited -- skipping
[23:12:55] [main/WARN] [LaunchWrapper/]: Tweak class name org.spongepowered.asm.launch.MixinTweaker has already been visited -- skipping
[23:12:55] [main/INFO] [LaunchWrapper/]: Loading tweak class name cpw.mods.fml.common.launcher.FMLDeobfTweaker
[23:12:55] [main/INFO] [LaunchWrapper/]: Calling tweak class cpw.mods.fml.common.launcher.FMLInjectionAndSortingTweaker
[23:12:55] [main/INFO] [LaunchWrapper/]: Calling tweak class cpw.mods.fml.common.launcher.FMLInjectionAndSortingTweaker
[23:12:55] [main/INFO] [LaunchWrapper/]: Calling tweak class cpw.mods.fml.relauncher.CoreModManager$FMLPluginWrapper
[23:12:55] [main/INFO] [LaunchWrapper/]: Calling tweak class cpw.mods.fml.relauncher.CoreModManager$FMLPluginWrapper
[23:12:56] [main/INFO] [LaunchWrapper/]: Calling tweak class cpw.mods.fml.relauncher.CoreModManager$FMLPluginWrapper
[23:12:56] [main/INFO] [LaunchWrapper/]: Calling tweak class cpw.mods.fml.relauncher.CoreModManager$FMLPluginWrapper
[23:12:56] [main/INFO] [LaunchWrapper/]: Calling tweak class cpw.mods.fml.relauncher.CoreModManager$FMLPluginWrapper
[23:12:59] [main/INFO] [LaunchWrapper/]: Calling tweak class cpw.mods.fml.relauncher.CoreModManager$FMLPluginWrapper
[23:12:59] [main/INFO] [LaunchWrapper/]: Calling tweak class cpw.mods.fml.relauncher.CoreModManager$FMLPluginWrapper
[23:12:59] [main/INFO] [AE2-ApiRepairer/]: AE2 ApiFixer Installed
[23:12:59] [main/INFO] [LaunchWrapper/]: Calling tweak class cpw.mods.fml.relauncher.CoreModManager$FMLPluginWrapper
[23:12:59] [main/INFO] [LaunchWrapper/]: Calling tweak class cpw.mods.fml.relauncher.CoreModManager$FMLPluginWrapper
[23:12:59] [main/INFO] [STDERR/]: [java.lang.Throwable$WrappedPrintStream:println:-1]: java.lang.reflect.InvocationTargetException
[23:12:59] [main/INFO] [STDERR/]: [java.lang.Throwable$WrappedPrintStream:println:-1]: 	at sun.reflect.NativeMethodAccessorImpl.invoke0(Native Method)
[23:12:59] [main/INFO] [STDERR/]: [java.lang.Throwable$WrappedPrintStream:println:-1]: 	at sun.reflect.NativeMethodAccessorImpl.invoke(Unknown Source)
[23:12:59] [main/INFO] [STDERR/]: [java.lang.Throwable$WrappedPrintStream:println:-1]: 	at sun.reflect.DelegatingMethodAccessorImpl.invoke(Unknown Source)
[23:12:59] [main/INFO] [STDERR/]: [java.lang.Throwable$WrappedPrintStream:println:-1]: 	at java.lang.reflect.Method.invoke(Unknown Source)
[23:12:59] [main/INFO] [STDERR/]: [java.lang.Throwable$WrappedPrintStream:println:-1]: 	at codechicken.core.asm.DelegatedTransformer.defineClass(DelegatedTransformer.java:120)
[23:12:59] [main/INFO] [STDERR/]: [java.lang.Throwable$WrappedPrintStream:println:-1]: 	at codechicken.core.asm.DelegatedTransformer.addTransformer(DelegatedTransformer.java:68)
[23:12:59] [main/INFO] [STDERR/]: [java.lang.Throwable$WrappedPrintStream:println:-1]: 	at codechicken.core.launch.CodeChickenCorePlugin.scanMod(CodeChickenCorePlugin.java:252)
[23:12:59] [main/INFO] [STDERR/]: [java.lang.Throwable$WrappedPrintStream:println:-1]: 	at codechicken.core.launch.CodeChickenCorePlugin.scanCodeChickenMods(CodeChickenCorePlugin.java:235)
[23:12:59] [main/INFO] [STDERR/]: [java.lang.Throwable$WrappedPrintStream:println:-1]: 	at codechicken.core.launch.CodeChickenCorePlugin.call(CodeChickenCorePlugin.java:228)
[23:12:59] [main/INFO] [STDERR/]: [java.lang.Throwable$WrappedPrintStream:println:-1]: 	at codechicken.core.launch.CodeChickenCorePlugin.call(CodeChickenCorePlugin.java:40)
[23:12:59] [main/INFO] [STDERR/]: [java.lang.Throwable$WrappedPrintStream:println:-1]: 	at cpw.mods.fml.relauncher.CoreModManager$FMLPluginWrapper.injectIntoClassLoader(CoreModManager.java:134)
[23:12:59] [main/INFO] [STDERR/]: [java.lang.Throwable$WrappedPrintStream:println:-1]: 	at net.minecraft.launchwrapper.Launch.launch(Launch.java:115)
[23:12:59] [main/INFO] [STDERR/]: [java.lang.Throwable$WrappedPrintStream:println:-1]: 	at net.minecraft.launchwrapper.Launch.main(Launch.java:28)
[23:12:59] [main/INFO] [STDERR/]: [java.lang.Throwable$WrappedPrintStream:println:-1]: 	at sun.reflect.NativeMethodAccessorImpl.invoke0(Native Method)
[23:12:59] [main/INFO] [STDERR/]: [java.lang.Throwable$WrappedPrintStream:println:-1]: 	at sun.reflect.NativeMethodAccessorImpl.invoke(Unknown Source)
[23:12:59] [main/INFO] [STDERR/]: [java.lang.Throwable$WrappedPrintStream:println:-1]: 	at sun.reflect.DelegatingMethodAccessorImpl.invoke(Unknown Source)
[23:12:59] [main/INFO] [STDERR/]: [java.lang.Throwable$WrappedPrintStream:println:-1]: 	at java.lang.reflect.Method.invoke(Unknown Source)
[23:12:59] [main/INFO] [STDERR/]: [java.lang.Throwable$WrappedPrintStream:println:-1]: 	at cpw.mods.fml.relauncher.ServerLaunchWrapper.run(ServerLaunchWrapper.java:43)
[23:12:59] [main/INFO] [STDERR/]: [java.lang.Throwable$WrappedPrintStream:println:-1]: 	at cpw.mods.fml.relauncher.ServerLaunchWrapper.main(ServerLaunchWrapper.java:12)
[23:12:59] [main/INFO] [STDERR/]: [java.lang.Throwable$WrappedPrintStream:println:-1]: Caused by: java.lang.LinkageError: loader (instance of  net/minecraft/launchwrapper/LaunchClassLoader): attempted  duplicate class definition for name: "com/mitchej123/hodgepodge/asm/transformers/early/EarlyClassTransformer"
[23:12:59] [main/INFO] [STDERR/]: [java.lang.Throwable$WrappedPrintStream:println:-1]: 	at java.lang.ClassLoader.defineClass1(Native Method)
[23:12:59] [main/INFO] [STDERR/]: [java.lang.Throwable$WrappedPrintStream:println:-1]: 	at java.lang.ClassLoader.defineClass(Unknown Source)
[23:12:59] [main/INFO] [STDERR/]: [java.lang.Throwable$WrappedPrintStream:println:-1]: 	at java.lang.ClassLoader.defineClass(Unknown Source)
[23:12:59] [main/INFO] [STDERR/]: [java.lang.Throwable$WrappedPrintStream:println:-1]: 	... 19 more
[23:12:59] [main/INFO] [LaunchWrapper/]: Calling tweak class cpw.mods.fml.relauncher.CoreModManager$FMLPluginWrapper
[23:12:59] [main/INFO] [LaunchWrapper/]: Calling tweak class cpw.mods.fml.relauncher.CoreModManager$FMLPluginWrapper
[23:12:59] [main/INFO] [IC2-core/]: Loaded library EJML-core-0.26.jar.
[23:12:59] [main/INFO] [LaunchWrapper/]: Calling tweak class cpw.mods.fml.relauncher.CoreModManager$FMLPluginWrapper
[23:12:59] [main/INFO] [LaunchWrapper/]: Calling tweak class cpw.mods.fml.relauncher.CoreModManager$FMLPluginWrapper
[23:12:59] [main/INFO] [LaunchWrapper/]: Calling tweak class cpw.mods.fml.relauncher.CoreModManager$FMLPluginWrapper
[23:12:59] [main/INFO] [LaunchWrapper/]: Calling tweak class cpw.mods.fml.relauncher.CoreModManager$FMLPluginWrapper
[23:12:59] [main/INFO] [LaunchWrapper/]: Calling tweak class org.spongepowered.asm.launch.MixinTweaker
[23:12:59] [main/INFO] [mixin/]: Initialised Mixin FML Remapper Adapter with cpw.mods.fml.common.asm.transformers.deobf.FMLDeobfuscatingRemapper@754e48d8
[23:12:59] [main/INFO] [GTNHMixins Core Plugin/]: Examining core mod list
[23:12:59] [main/INFO] [GTNHMixins Core Plugin/]: LoadedCoreMods [codechicken.core.asm.MCPDeobfuscationTransformer$LoadPlugin, com.enderio.core.common.transform.EnderCorePlugin, cpw.mods.fml.relauncher.FMLCorePlugin, logisticspipes.asm.LogisticsPipesCoreLoader, pw.prok.imagine.ImagineLoadingPlugin, org.spongepowered.asm.launch.MixinTweaker, ic2.core.coremod.IC2core, api.player.forge.PlayerAPIPlugin, codechicken.core.launch.CodeChickenCorePlugin, Dummy Container (null) , net.minecraftforge.classloading.FMLForgePlugin, com.glodblock.github.coremod.FluidCraftCore, com.gtnewhorizon.gtnhlib.core.GTNHLibCore, api.player.forge.RenderPlayerAPIPlugin, mods.battlegear2.asm.loader.BattlegearLoadingPlugin, codechicken.lib, io.github.legacymoddingmc.unimixins.all.AllCore, net.smart.core.SmartCorePlugin, codechicken.core.launch.DepLoader, Bukkit, cpw.mods.fml.common.launcher.FMLDeobfTweaker, com.mitchej123.hodgepodge.core.HodgepodgeCore, cofh.asm.LoadingPlugin]
[23:12:59] [main/INFO] [GTNHMixins Core Plugin/]: Loading [mixins.battlegear2.early.json] MixinEntityPlayer
[23:12:59] [main/INFO] [GTNHMixins Core Plugin/]: Loading [mixins.battlegear2.early.json] MixinItemStack
[23:12:59] [main/INFO] [GTNHMixins Core Plugin/]: Loading [mixins.battlegear2.early.json] MixinInventoryPlayer
[23:12:59] [main/INFO] [GTNHMixins Core Plugin/]: Loading [mixins.battlegear2.early.json] MixinNetHandlerPlayServer
[23:12:59] [main/INFO] [Hodgepodge/]: Initializing Hodgepodge
[23:12:59] [main/INFO] [Hodgepodge/]: Looking for Thermos/Bukkit taint.
[23:12:59] [main/WARN] [Hodgepodge/]: Thermos/Bukkit detected; This is an unsupported configuration -- Things may not function properly.
[23:12:59] [main/WARN] [Hodgepodge/]:  Using `org.bukkit.craftbukkit.v1_7_R4.CraftServer` for CraftServer Package.  If this is not correct, please update your config file!
[23:12:59] [main/INFO] [Hodgepodge/]: Not loading the following EARLY mixins: [minecraft.MixinGameSettings_SprintKey, minecraft.MixinGuiScreenResourcePacks, minecraft.MixinContainer, minecraft.MixinNetHandlerPlayClient_FixHandleSetSlot, minecraft.MixinInventoryEffectRenderer_FixPotionEffectNumerals, minecraft.MixinItemPotion_FixRomanNumerals, minecraft.MixinGuiMainMenu_DisableRealmsButton, minecraft.MixinSoundHandler, minecraft.MixinEntityRenderer, minecraft.MixinRenderManager, minecraft.MixinInventoryEffectRenderer_PotionOffset, minecraft.MixinInventoryEffectRenderer_PotionEffectRendering, minecraft.MixinGuiNewChat_LongerChat, minecraft.MixinGuiNewChat_TransparentChat, minecraft.MixinGuiChat_LongerMessages, minecraft.MixinGuiGameOver, minecraft.profiler.TileEntityRendererDispatcherMixin, minecraft.profiler.MinecraftMixin, minecraft.MixinEffectRenderer, minecraft.MixinRendererLivingEntity, minecraft.MixinMinecraft_ResizableFullscreen, minecraft.MixinMinecraft_UnfocusedFullscreen, minecraft.MixinMinecraft_ClearRenderersWorldLeak, minecraft.MixinRenderGlobal_FixWordLeak, minecraft.MixinGameSettings_FixOFChunkLoading, minecraft.MixinMinecraft_ToggleDebugMessage, minecraft.textures.client.MixinTextureAtlasSprite, minecraft.textures.client.MixinTextureMap, minecraft.textures.client.MixinBlockFire, minecraft.textures.client.MixinMinecraftForgeClient, minecraft.textures.client.MixinChunkCache, minecraft.textures.client.MixinRenderBlocks, minecraft.textures.client.MixinRenderBlockFluid, minecraft.textures.client.MixinWorldRenderer, minecraft.textures.client.MixinRenderItem, minecraft.textures.client.fastcraft.MixinTextureMap, minecraft.textures.client.MixinTextureUtil, minecraft.MixinEntityLivingBase_HidePotionParticles, minecraft.MixinWorldUpdateEntities, minecraft.MixinEntityRenderer_EnhanceNightVision, minecraft.MixinNetHandlerPlayClient, minecraft.MixinNBTTagCompound, minecraft.MixinRenderGlobal, minecraft.server.MixinHttpUtil, forge.MixinGuiIngameForge_CrosshairThirdPerson, forge.MixinGuiIngameForge_CrosshairInvertColors, minecraft.MixinKeyBinding, minecraft.MixinMinecraft_UpdateKeys, minecraft.MixinWorldClient, minecraft.MixinGuiTextField, minecraft.MixinFontRenderer, minecraft.MixinAbstractClientPlayer, minecraft.MixinThreadDownloadImageData, minecraft.MixinGuiContainerCreative, minecraft.MixinGuiNewChat_FixColorWrapping, minecraft.MixinGuiNewChat_CompactChat, netty.MixinBootstrap, forge.MixinForgeHooks_ModernPickBlock, minecraft.MixinTessellator, minecraft.MixinMinecraft_FastBlockPlacing, minecraft.MixinRegionFile, minecraft.server.MixinMinecraftServer_AutoSaveInterval, minecraft.MixinBlock_LighterWater, forge.MixinLanguageRegistry, forge.MixinFMLClientHandler, ic2.MixinLocalization, minecraft.MixinTimeCommandGalacticraftFix, cofhcore.MixinProxyClient, minecraft.MixinRenderBlocks_PollutionWithoutOptifine, minecraft.MixinRenderBlocks_PollutionWithOptifine]
[23:12:59] [main/INFO] [GTNHMixins Core Plugin/]: Loading [mixins.hodgepodge.early.json] minecraft.MixinChunkCoordIntPair
[23:12:59] [main/INFO] [GTNHMixins Core Plugin/]: Loading [mixins.hodgepodge.early.json] minecraft.MixinWorld_FixAllocations
[23:12:59] [main/INFO] [GTNHMixins Core Plugin/]: Loading [mixins.hodgepodge.early.json] minecraft.MixinWorldClient_FixAllocations
[23:12:59] [main/INFO] [GTNHMixins Core Plugin/]: Loading [mixins.hodgepodge.early.json] minecraft.MixinWorldServer_FixAllocations
[23:12:59] [main/INFO] [GTNHMixins Core Plugin/]: Loading [mixins.hodgepodge.early.json] minecraft.MixinEnchantment_FixRomanNumerals
[23:12:59] [main/INFO] [GTNHMixins Core Plugin/]: Loading [mixins.hodgepodge.early.json] minecraft.MixinNetHandlerLoginServer_OfflineMode
[23:12:59] [main/INFO] [GTNHMixins Core Plugin/]: Loading [mixins.hodgepodge.early.json] minecraft.MixinEntityLivingBase_FixHasteArmSwing
[23:12:59] [main/INFO] [GTNHMixins Core Plugin/]: Loading [mixins.hodgepodge.early.json] minecraft.MixinWorld_FixLightUpdateLag
[23:12:59] [main/INFO] [GTNHMixins Core Plugin/]: Loading [mixins.hodgepodge.early.json] minecraft.MixinEntityPlayer
[23:12:59] [main/INFO] [GTNHMixins Core Plugin/]: Loading [mixins.hodgepodge.early.json] minecraft.MixinBlockFence
[23:12:59] [main/INFO] [GTNHMixins Core Plugin/]: Loading [mixins.hodgepodge.early.json] minecraft.MixinEntityFireball
[23:12:59] [main/INFO] [GTNHMixins Core Plugin/]: Loading [mixins.hodgepodge.early.json] minecraft.MixinC01PacketChatMessage_LongerMessages
[23:12:59] [main/INFO] [GTNHMixins Core Plugin/]: Loading [mixins.hodgepodge.early.json] minecraft.MixinBlockGrass
[23:12:59] [main/INFO] [GTNHMixins Core Plugin/]: Loading [mixins.hodgepodge.early.json] minecraft.MixinChunkCoordinates
[23:12:59] [main/INFO] [GTNHMixins Core Plugin/]: Loading [mixins.hodgepodge.early.json] minecraft.MixinTcpNoDelay
[23:12:59] [main/INFO] [GTNHMixins Core Plugin/]: Loading [mixins.hodgepodge.early.json] minecraft.MixinWorldGetBlock
[23:12:59] [main/INFO] [GTNHMixins Core Plugin/]: Loading [mixins.hodgepodge.early.json] minecraft.MixinWorldLightValue
[23:12:59] [main/INFO] [GTNHMixins Core Plugin/]: Loading [mixins.hodgepodge.early.json] minecraft.MixinVillage
[23:12:59] [main/INFO] [GTNHMixins Core Plugin/]: Loading [mixins.hodgepodge.early.json] minecraft.MixinVillageCollection
[23:12:59] [main/INFO] [GTNHMixins Core Plugin/]: Loading [mixins.hodgepodge.early.json] minecraft.MixinForgeHooks
[23:12:59] [main/INFO] [GTNHMixins Core Plugin/]: Loading [mixins.hodgepodge.early.json] forge.MixinForgeVersion_FixUpdateCheck
[23:12:59] [main/INFO] [GTNHMixins Core Plugin/]: Loading [mixins.hodgepodge.early.json] forge.MixinMinecraftForge
[23:12:59] [main/INFO] [GTNHMixins Core Plugin/]: Loading [mixins.hodgepodge.early.json] minecraft.MixinRandomPositionGenerator
[23:12:59] [main/INFO] [GTNHMixins Core Plugin/]: Loading [mixins.hodgepodge.early.json] minecraft.MixinFurnaceRecipes
[23:12:59] [main/INFO] [GTNHMixins Core Plugin/]: Loading [mixins.hodgepodge.early.json] minecraft.MixinEntityLivingPickup
[23:12:59] [main/INFO] [GTNHMixins Core Plugin/]: Loading [mixins.hodgepodge.early.json] minecraft.MixinEntityLivingDrop
[23:12:59] [main/INFO] [GTNHMixins Core Plugin/]: Loading [mixins.hodgepodge.early.json] minecraft.MixinBlockHopper
[23:12:59] [main/INFO] [GTNHMixins Core Plugin/]: Loading [mixins.hodgepodge.early.json] minecraft.MixinServerConfigurationManager
[23:12:59] [main/INFO] [GTNHMixins Core Plugin/]: Loading [mixins.hodgepodge.early.json] minecraft.MixinEntityPlayerMP
[23:12:59] [main/INFO] [GTNHMixins Core Plugin/]: Loading [mixins.hodgepodge.early.json] minecraft.MixinItemSoup
[23:12:59] [main/INFO] [GTNHMixins Core Plugin/]: Loading [mixins.hodgepodge.early.json] minecraft.MixinPotion
[23:12:59] [main/INFO] [GTNHMixins Core Plugin/]: Loading [mixins.hodgepodge.early.json] minecraft.MixinPotionEffect
[23:12:59] [main/INFO] [GTNHMixins Core Plugin/]: Loading [mixins.hodgepodge.early.json] minecraft.MixinTileEntityHopper
[23:12:59] [main/INFO] [GTNHMixins Core Plugin/]: Loading [mixins.hodgepodge.early.json] minecraft.MixinS02PacketChat
[23:12:59] [main/INFO] [GTNHMixins Core Plugin/]: Loading [mixins.hodgepodge.early.json] forge.MixinFMLProxyPacket
[23:12:59] [main/INFO] [GTNHMixins Core Plugin/]: Loading [mixins.hodgepodge.early.json] forge.MixinNetworkDispatcher
[23:12:59] [main/INFO] [GTNHMixins Core Plugin/]: Loading [mixins.hodgepodge.early.json] minecraft.NetworkManagerAccessor
[23:12:59] [main/INFO] [GTNHMixins Core Plugin/]: Loading [mixins.hodgepodge.early.json] minecraft.packets.MixinS01PacketJoinGame_FixDimensionID
[23:12:59] [main/INFO] [GTNHMixins Core Plugin/]: Loading [mixins.hodgepodge.early.json] minecraft.MixinWorldServerUpdateEntities
[23:12:59] [main/INFO] [GTNHMixins Core Plugin/]: Loading [mixins.hodgepodge.early.json] minecraft.MixinBlockRedstoneTorch
[23:12:59] [main/INFO] [GTNHMixins Core Plugin/]: Loading [mixins.hodgepodge.early.json] minecraft.MixinDimensionManager
[23:12:59] [main/INFO] [GTNHMixins Core Plugin/]: Loading [mixins.hodgepodge.early.json] minecraft.MixinEntityLivingBase_FixPotionException
[23:12:59] [main/INFO] [GTNHMixins Core Plugin/]: Loading [mixins.hodgepodge.early.json] forge.MixinASMDataTable
[23:12:59] [main/INFO] [GTNHMixins Core Plugin/]: Loading [mixins.hodgepodge.early.json] forge.MixinOpenGuiHandler
[23:12:59] [main/INFO] [GTNHMixins Core Plugin/]: Loading [mixins.hodgepodge.early.json] minecraft.MixinBlockBed
[23:12:59] [main/INFO] [GTNHMixins Core Plugin/]: Loading [mixins.hodgepodge.early.json] minecraft.packets.MixinDataWatcher
[23:12:59] [main/INFO] [GTNHMixins Core Plugin/]: Loading [mixins.hodgepodge.early.json] minecraft.packets.MixinS3FPacketCustomPayload_Validation
[23:12:59] [main/INFO] [GTNHMixins Core Plugin/]: Loading [mixins.hodgepodge.early.json] forge.FluidContainerRegistryAccessor
[23:12:59] [main/INFO] [GTNHMixins Core Plugin/]: Loading [mixins.hodgepodge.early.json] forge.MixinFluidRegistry
[23:12:59] [main/INFO] [GTNHMixins Core Plugin/]: Loading [mixins.hodgepodge.early.json] minecraft.MixinPacketBuffer
[23:12:59] [main/INFO] [GTNHMixins Core Plugin/]: Loading [mixins.hodgepodge.early.json] minecraft.MixinMessageSerializer2
[23:12:59] [main/INFO] [GTNHMixins Core Plugin/]: Loading [mixins.hodgepodge.early.json] minecraft.MixinMessageDeserializer2
[23:12:59] [main/INFO] [GTNHMixins Core Plugin/]: Loading [mixins.hodgepodge.early.json] minecraft.packets.MixinS3FPacketCustomPayload_LengthLimit
[23:12:59] [main/INFO] [GTNHMixins Core Plugin/]: Loading [mixins.hodgepodge.early.json] minecraft.MixinBlock_FixXray
[23:12:59] [main/INFO] [GTNHMixins Core Plugin/]: Loading [mixins.hodgepodge.early.json] minecraft.MixinWorld_FixXray
[23:12:59] [main/INFO] [GTNHMixins Core Plugin/]: Loading [mixins.hodgepodge.early.json] ic2.MixinIc2WaterKinetic
[23:12:59] [main/INFO] [GTNHMixins Core Plugin/]: Loading [mixins.hodgepodge.early.json] ic2.MixinItemCropSeed
[23:12:59] [main/INFO] [GTNHMixins Core Plugin/]: Loading [mixins.hodgepodge.early.json] ic2.MixinTileEntityCrop
[23:12:59] [main/INFO] [GTNHMixins Core Plugin/]: Loading [mixins.hodgepodge.early.json] ic2.MixinIc2NanoSuitNightVision
[23:12:59] [main/INFO] [GTNHMixins Core Plugin/]: Loading [mixins.hodgepodge.early.json] ic2.MixinIc2QuantumSuitNightVision
[23:12:59] [main/INFO] [GTNHMixins Core Plugin/]: Loading [mixins.hodgepodge.early.json] ic2.MixinIc2NightVisionGoggles
[23:12:59] [main/INFO] [GTNHMixins Core Plugin/]: Loading [mixins.hodgepodge.early.json] ic2.MixinTileEntityReactorChamberElectricNoDupe
[23:12:59] [main/INFO] [GTNHMixins Core Plugin/]: Loading [mixins.hodgepodge.early.json] ic2.MixinTileEntityReactorChamberElectricInvSpeedup
[23:12:59] [main/INFO] [GTNHMixins Core Plugin/]: Loading [mixins.hodgepodge.early.json] ic2.MixinTileEntityNuclearReactorElectric
[23:12:59] [main/INFO] [GTNHMixins Core Plugin/]: Loading [mixins.hodgepodge.early.json] ic2.MixinItemIC2FluidContainer
[23:12:59] [main/INFO] [GTNHMixins Core Plugin/]: Loading [mixins.hodgepodge.early.json] ic2.textures.MixinRenderLiquidCell
[23:12:59] [main/INFO] [GTNHMixins Core Plugin/]: Loading [mixins.hodgepodge.early.json] cofhcore.MixinCoFHCoreUpdateCheck
[23:12:59] [main/INFO] [GTNHMixins Core Plugin/]: Loading [mixins.hodgepodge.early.json] minecraft.MixinWorld_CoFH_TE_Cache
[23:12:59] [main/INFO] [GTNHMixins Core Plugin/]: Loading [mixins.hodgepodge.early.json] minecraft.MixinTileEntityFurnacePollution
[23:12:59] [main/INFO] [Hodgepodge/]: Not loading transformer com.mitchej123.hodgepodge.asm.transformers.fml.SpeedupProgressBarTransformer
[23:12:59] [main/INFO] [Hodgepodge/]: Loading transformer com.mitchej123.hodgepodge.asm.transformers.fml.FMLIndexedMessageToMessageCodecTransformer
[23:12:59] [main/INFO] [Hodgepodge/]: Loading transformer com.mitchej123.hodgepodge.asm.transformers.thermos.ThermosFurnaceSledgeHammer
[23:12:59] [main/INFO] [Hodgepodge/]: Not loading transformer com.mitchej123.hodgepodge.asm.transformers.optifine.GLErrorLoggingTransformer
[23:12:59] [main/INFO] [LaunchWrapper/]: Calling tweak class cpw.mods.fml.common.launcher.FMLDeobfTweaker
[23:12:59] [main/INFO] [LaunchWrapper/]: Calling tweak class cpw.mods.fml.relauncher.CoreModManager$FMLPluginWrapper
[23:12:59] [main/INFO] [LaunchWrapper/]: Calling tweak class cpw.mods.fml.relauncher.CoreModManager$FMLPluginWrapper
[23:12:59] [main/INFO] [LaunchWrapper/]: Loading tweak class name cpw.mods.fml.common.launcher.TerminalTweaker
[23:12:59] [main/INFO] [LaunchWrapper/]: Loading tweak class name org.spongepowered.asm.mixin.EnvironmentStateTweaker
[23:12:59] [main/INFO] [LaunchWrapper/]: Calling tweak class cpw.mods.fml.common.launcher.TerminalTweaker
[23:12:59] [main/INFO] [LaunchWrapper/]: Calling tweak class org.spongepowered.asm.mixin.EnvironmentStateTweaker
[23:12:59] [main/WARN] [mixin/]: Error loading class: net/minecraft/client/multiplayer/WorldClient (java.lang.RuntimeException: Attempted to load class bjf for invalid side SERVER)
[23:12:59] [main/WARN] [mixin/]: @Mixin target net.minecraft.client.multiplayer.WorldClient was not found mixins.hodgepodge.early.json:minecraft.MixinWorldClient_FixAllocations from mod hodgepodge
[23:13:00] [main/INFO] [MixinExtras|Service/]: Initializing MixinExtras via com.llamalad7.mixinextras.service.MixinExtrasServiceImpl(version=0.3.5).
[23:13:00] [main/INFO] [LaunchWrapper/]: Launching wrapped minecraft {net.minecraft.server.MinecraftServer}
[23:13:00] [main/INFO] [mixin/]: Instancing error handler class io.github.legacymoddingmc.unimixins.compat.MixinErrorHandler
[23:13:00] [main/FATAL] [mixin/]: Mixin apply for mod etfuturum failed mixins.etfuturum.json:floorceilbutton.MixinBlockButton from mod etfuturum -> net.minecraft.block.BlockButton: org.spongepowered.asm.mixin.transformer.throwables.InvalidMixinException PRIVATE @Overwrite method func_150043_b in mixins.etfuturum.json:floorceilbutton.MixinBlockButton from mod etfuturum cannot reduce visibiliy of PUBLIC target method
org.spongepowered.asm.mixin.transformer.throwables.InvalidMixinException: PRIVATE @Overwrite method func_150043_b in mixins.etfuturum.json:floorceilbutton.MixinBlockButton from mod etfuturum cannot reduce visibiliy of PUBLIC target method
	at org.spongepowered.asm.mixin.transformer.MixinPreProcessorStandard.conformVisibility(MixinPreProcessorStandard.java:479) ~[+unimixins-all-1.7.10-0.1.16.jar:0.12.2+mixin.0.8.5]
	at org.spongepowered.asm.mixin.transformer.MixinPreProcessorStandard.attachSpecialMethod(MixinPreProcessorStandard.java:452) ~[+unimixins-all-1.7.10-0.1.16.jar:0.12.2+mixin.0.8.5]
	at org.spongepowered.asm.mixin.transformer.MixinPreProcessorStandard.attachOverwriteMethod(MixinPreProcessorStandard.java:416) ~[+unimixins-all-1.7.10-0.1.16.jar:0.12.2+mixin.0.8.5]
	at org.spongepowered.asm.mixin.transformer.MixinPreProcessorStandard.attachMethods(MixinPreProcessorStandard.java:346) ~[+unimixins-all-1.7.10-0.1.16.jar:0.12.2+mixin.0.8.5]
	at org.spongepowered.asm.mixin.transformer.MixinPreProcessorStandard.attach(MixinPreProcessorStandard.java:299) ~[+unimixins-all-1.7.10-0.1.16.jar:0.12.2+mixin.0.8.5]
	at org.spongepowered.asm.mixin.transformer.MixinPreProcessorStandard.createContextFor(MixinPreProcessorStandard.java:277) ~[+unimixins-all-1.7.10-0.1.16.jar:0.12.2+mixin.0.8.5]
	at org.spongepowered.asm.mixin.transformer.MixinInfo.createContextFor(MixinInfo.java:1289) ~[+unimixins-all-1.7.10-0.1.16.jar:0.12.2+mixin.0.8.5]
	at org.spongepowered.asm.mixin.transformer.MixinApplicatorStandard.apply(MixinApplicatorStandard.java:294) ~[+unimixins-all-1.7.10-0.1.16.jar:0.12.2+mixin.0.8.5]
	at org.spongepowered.asm.mixin.transformer.TargetClassContext.apply(TargetClassContext.java:421) ~[+unimixins-all-1.7.10-0.1.16.jar:0.12.2+mixin.0.8.5]
	at org.spongepowered.asm.mixin.transformer.TargetClassContext.applyMixins(TargetClassContext.java:403) ~[+unimixins-all-1.7.10-0.1.16.jar:0.12.2+mixin.0.8.5]
	at org.spongepowered.asm.mixin.transformer.MixinProcessor.applyMixins(MixinProcessor.java:363) [+unimixins-all-1.7.10-0.1.16.jar:0.12.2+mixin.0.8.5]
	at org.spongepowered.asm.mixin.transformer.MixinTransformer.transformClass(MixinTransformer.java:234) [+unimixins-all-1.7.10-0.1.16.jar:0.12.2+mixin.0.8.5]
	at org.spongepowered.asm.mixin.transformer.MixinTransformer.transformClassBytes(MixinTransformer.java:202) [+unimixins-all-1.7.10-0.1.16.jar:0.12.2+mixin.0.8.5]
	at org.spongepowered.asm.mixin.transformer.Proxy.transform(Proxy.java:72) [+unimixins-all-1.7.10-0.1.16.jar:0.12.2+mixin.0.8.5]
	at net.minecraft.launchwrapper.LaunchClassLoader.runTransformers(LaunchClassLoader.java:279) [launchwrapper-1.12.jar:?]
	at net.minecraft.launchwrapper.LaunchClassLoader.findClass(LaunchClassLoader.java:176) [launchwrapper-1.12.jar:?]
	at java.lang.ClassLoader.loadClass(Unknown Source) [?:1.8.0_391]
	at java.lang.ClassLoader.loadClass(Unknown Source) [?:1.8.0_391]
	at java.lang.Class.forName0(Native Method) [?:1.8.0_391]
	at java.lang.Class.forName(Unknown Source) [?:1.8.0_391]
	at cofh.asm.CoFHAccessTransformer.transform(CoFHAccessTransformer.java:90) [CoFHCore-%5B1.7.10%5D3.1.4-329.jar:?]
	at net.minecraft.launchwrapper.LaunchClassLoader.runTransformers(LaunchClassLoader.java:279) [launchwrapper-1.12.jar:?]
	at net.minecraft.launchwrapper.LaunchClassLoader.findClass(LaunchClassLoader.java:176) [launchwrapper-1.12.jar:?]
	at java.lang.ClassLoader.loadClass(Unknown Source) [?:1.8.0_391]
	at java.lang.ClassLoader.loadClass(Unknown Source) [?:1.8.0_391]
	at net.minecraft.block.Block.func_149671_p(Block.java:285) [aji.class:?]
	at net.minecraft.init.Bootstrap.func_151354_b(Bootstrap.java:714) [kl.class:?]
	at net.minecraft.server.MinecraftServer.main(MinecraftServer.java:1590) [MinecraftServer.class:?]
	at sun.reflect.NativeMethodAccessorImpl.invoke0(Native Method) ~[?:1.8.0_391]
	at sun.reflect.NativeMethodAccessorImpl.invoke(Unknown Source) ~[?:1.8.0_391]
	at sun.reflect.DelegatingMethodAccessorImpl.invoke(Unknown Source) ~[?:1.8.0_391]
	at java.lang.reflect.Method.invoke(Unknown Source) ~[?:1.8.0_391]
	at net.minecraft.launchwrapper.Launch.launch(Launch.java:135) [launchwrapper-1.12.jar:?]
	at net.minecraft.launchwrapper.Launch.main(Launch.java:28) [launchwrapper-1.12.jar:?]
	at sun.reflect.NativeMethodAccessorImpl.invoke0(Native Method) ~[?:1.8.0_391]
	at sun.reflect.NativeMethodAccessorImpl.invoke(Unknown Source) ~[?:1.8.0_391]
	at sun.reflect.DelegatingMethodAccessorImpl.invoke(Unknown Source) ~[?:1.8.0_391]
	at java.lang.reflect.Method.invoke(Unknown Source) ~[?:1.8.0_391]
	at cpw.mods.fml.relauncher.ServerLaunchWrapper.run(ServerLaunchWrapper.java:43) [KCauldron-1.7.10-1614.201.jar:1.7.10-R0.1-SNAPSHOT]
	at cpw.mods.fml.relauncher.ServerLaunchWrapper.main(ServerLaunchWrapper.java:12) [KCauldron-1.7.10-1614.201.jar:1.7.10-R0.1-SNAPSHOT]
[23:13:00] [main/ERROR] [LaunchWrapper/]: Unable to launch
java.lang.reflect.InvocationTargetException
	at sun.reflect.NativeMethodAccessorImpl.invoke0(Native Method) ~[?:1.8.0_391]
	at sun.reflect.NativeMethodAccessorImpl.invoke(Unknown Source) ~[?:1.8.0_391]
	at sun.reflect.DelegatingMethodAccessorImpl.invoke(Unknown Source) ~[?:1.8.0_391]
	at java.lang.reflect.Method.invoke(Unknown Source) ~[?:1.8.0_391]
	at net.minecraft.launchwrapper.Launch.launch(Launch.java:135) [launchwrapper-1.12.jar:?]
	at net.minecraft.launchwrapper.Launch.main(Launch.java:28) [launchwrapper-1.12.jar:?]
	at sun.reflect.NativeMethodAccessorImpl.invoke0(Native Method) ~[?:1.8.0_391]
	at sun.reflect.NativeMethodAccessorImpl.invoke(Unknown Source) ~[?:1.8.0_391]
	at sun.reflect.DelegatingMethodAccessorImpl.invoke(Unknown Source) ~[?:1.8.0_391]
	at java.lang.reflect.Method.invoke(Unknown Source) ~[?:1.8.0_391]
	at cpw.mods.fml.relauncher.ServerLaunchWrapper.run(ServerLaunchWrapper.java:43) [KCauldron-1.7.10-1614.201.jar:1.7.10-R0.1-SNAPSHOT]
	at cpw.mods.fml.relauncher.ServerLaunchWrapper.main(ServerLaunchWrapper.java:12) [KCauldron-1.7.10-1614.201.jar:1.7.10-R0.1-SNAPSHOT]
Caused by: java.lang.NoClassDefFoundError: net/minecraft/block/BlockButtonStone
	at net.minecraft.block.Block.func_149671_p(Block.java:285) ~[aji.class:?]
	at net.minecraft.init.Bootstrap.func_151354_b(Bootstrap.java:714) ~[kl.class:?]
	at net.minecraft.server.MinecraftServer.main(MinecraftServer.java:1590) ~[MinecraftServer.class:?]
	... 12 more
Caused by: java.lang.ClassNotFoundException: net.minecraft.block.BlockButtonStone
	at net.minecraft.launchwrapper.LaunchClassLoader.findClass(LaunchClassLoader.java:191) ~[launchwrapper-1.12.jar:?]
	at java.lang.ClassLoader.loadClass(Unknown Source) ~[?:1.8.0_391]
	at java.lang.ClassLoader.loadClass(Unknown Source) ~[?:1.8.0_391]
	at net.minecraft.block.Block.func_149671_p(Block.java:285) ~[aji.class:?]
	at net.minecraft.init.Bootstrap.func_151354_b(Bootstrap.java:714) ~[kl.class:?]
	at net.minecraft.server.MinecraftServer.main(MinecraftServer.java:1590) ~[MinecraftServer.class:?]
	... 12 more
Caused by: java.lang.RuntimeException: java.lang.ClassNotFoundException: net.minecraft.block.BlockButton
	at com.google.common.base.Throwables.propagate(Throwables.java:160) ~[server-1.7.10.jar:?]
	at cofh.asm.CoFHAccessTransformer.transform(CoFHAccessTransformer.java:94) ~[CoFHCore-%5B1.7.10%5D3.1.4-329.jar:?]
	at net.minecraft.launchwrapper.LaunchClassLoader.runTransformers(LaunchClassLoader.java:279) ~[launchwrapper-1.12.jar:?]
	at net.minecraft.launchwrapper.LaunchClassLoader.findClass(LaunchClassLoader.java:176) ~[launchwrapper-1.12.jar:?]
	at java.lang.ClassLoader.loadClass(Unknown Source) ~[?:1.8.0_391]
	at java.lang.ClassLoader.loadClass(Unknown Source) ~[?:1.8.0_391]
	at net.minecraft.block.Block.func_149671_p(Block.java:285) ~[aji.class:?]
	at net.minecraft.init.Bootstrap.func_151354_b(Bootstrap.java:714) ~[kl.class:?]
	at net.minecraft.server.MinecraftServer.main(MinecraftServer.java:1590) ~[MinecraftServer.class:?]
	... 12 more
Caused by: java.lang.ClassNotFoundException: net.minecraft.block.BlockButton
	at net.minecraft.launchwrapper.LaunchClassLoader.findClass(LaunchClassLoader.java:191) ~[launchwrapper-1.12.jar:?]
	at java.lang.ClassLoader.loadClass(Unknown Source) ~[?:1.8.0_391]
	at java.lang.ClassLoader.loadClass(Unknown Source) ~[?:1.8.0_391]
	at java.lang.Class.forName0(Native Method) ~[?:1.8.0_391]
	at java.lang.Class.forName(Unknown Source) ~[?:1.8.0_391]
	at cofh.asm.CoFHAccessTransformer.transform(CoFHAccessTransformer.java:90) ~[CoFHCore-%5B1.7.10%5D3.1.4-329.jar:?]
	at net.minecraft.launchwrapper.LaunchClassLoader.runTransformers(LaunchClassLoader.java:279) ~[launchwrapper-1.12.jar:?]
	at net.minecraft.launchwrapper.LaunchClassLoader.findClass(LaunchClassLoader.java:176) ~[launchwrapper-1.12.jar:?]
	at java.lang.ClassLoader.loadClass(Unknown Source) ~[?:1.8.0_391]
	at java.lang.ClassLoader.loadClass(Unknown Source) ~[?:1.8.0_391]
	at net.minecraft.block.Block.func_149671_p(Block.java:285) ~[aji.class:?]
	at net.minecraft.init.Bootstrap.func_151354_b(Bootstrap.java:714) ~[kl.class:?]
	at net.minecraft.server.MinecraftServer.main(MinecraftServer.java:1590) ~[MinecraftServer.class:?]
	... 12 more
Caused by: org.spongepowered.asm.mixin.transformer.throwables.MixinTransformerError: An unexpected critical error was encountered
	at org.spongepowered.asm.mixin.transformer.MixinProcessor.applyMixins(MixinProcessor.java:392) ~[+unimixins-all-1.7.10-0.1.16.jar:0.12.2+mixin.0.8.5]
	at org.spongepowered.asm.mixin.transformer.MixinTransformer.transformClass(MixinTransformer.java:234) ~[+unimixins-all-1.7.10-0.1.16.jar:0.12.2+mixin.0.8.5]
	at org.spongepowered.asm.mixin.transformer.MixinTransformer.transformClassBytes(MixinTransformer.java:202) ~[+unimixins-all-1.7.10-0.1.16.jar:0.12.2+mixin.0.8.5]
	at org.spongepowered.asm.mixin.transformer.Proxy.transform(Proxy.java:72) ~[+unimixins-all-1.7.10-0.1.16.jar:0.12.2+mixin.0.8.5]
	at net.minecraft.launchwrapper.LaunchClassLoader.runTransformers(LaunchClassLoader.java:279) ~[launchwrapper-1.12.jar:?]
	at net.minecraft.launchwrapper.LaunchClassLoader.findClass(LaunchClassLoader.java:176) ~[launchwrapper-1.12.jar:?]
	at java.lang.ClassLoader.loadClass(Unknown Source) ~[?:1.8.0_391]
	at java.lang.ClassLoader.loadClass(Unknown Source) ~[?:1.8.0_391]
	at java.lang.Class.forName0(Native Method) ~[?:1.8.0_391]
	at java.lang.Class.forName(Unknown Source) ~[?:1.8.0_391]
	at cofh.asm.CoFHAccessTransformer.transform(CoFHAccessTransformer.java:90) ~[CoFHCore-%5B1.7.10%5D3.1.4-329.jar:?]
	at net.minecraft.launchwrapper.LaunchClassLoader.runTransformers(LaunchClassLoader.java:279) ~[launchwrapper-1.12.jar:?]
	at net.minecraft.launchwrapper.LaunchClassLoader.findClass(LaunchClassLoader.java:176) ~[launchwrapper-1.12.jar:?]
	at java.lang.ClassLoader.loadClass(Unknown Source) ~[?:1.8.0_391]
	at java.lang.ClassLoader.loadClass(Unknown Source) ~[?:1.8.0_391]
	at net.minecraft.block.Block.func_149671_p(Block.java:285) ~[aji.class:?]
	at net.minecraft.init.Bootstrap.func_151354_b(Bootstrap.java:714) ~[kl.class:?]
	at net.minecraft.server.MinecraftServer.main(MinecraftServer.java:1590) ~[MinecraftServer.class:?]
	... 12 more
Caused by: org.spongepowered.asm.mixin.throwables.MixinApplyError: Mixin [mixins.etfuturum.json:floorceilbutton.MixinBlockButton from mod etfuturum] from phase [DEFAULT] in config [mixins.etfuturum.json] FAILED during APPLY
	at org.spongepowered.asm.mixin.transformer.MixinProcessor.handleMixinError(MixinProcessor.java:638) ~[+unimixins-all-1.7.10-0.1.16.jar:0.12.2+mixin.0.8.5]
	at org.spongepowered.asm.mixin.transformer.MixinProcessor.handleMixinApplyError(MixinProcessor.java:589) ~[+unimixins-all-1.7.10-0.1.16.jar:0.12.2+mixin.0.8.5]
	at org.spongepowered.asm.mixin.transformer.MixinProcessor.applyMixins(MixinProcessor.java:379) ~[+unimixins-all-1.7.10-0.1.16.jar:0.12.2+mixin.0.8.5]
	at org.spongepowered.asm.mixin.transformer.MixinTransformer.transformClass(MixinTransformer.java:234) ~[+unimixins-all-1.7.10-0.1.16.jar:0.12.2+mixin.0.8.5]
	at org.spongepowered.asm.mixin.transformer.MixinTransformer.transformClassBytes(MixinTransformer.java:202) ~[+unimixins-all-1.7.10-0.1.16.jar:0.12.2+mixin.0.8.5]
	at org.spongepowered.asm.mixin.transformer.Proxy.transform(Proxy.java:72) ~[+unimixins-all-1.7.10-0.1.16.jar:0.12.2+mixin.0.8.5]
	at net.minecraft.launchwrapper.LaunchClassLoader.runTransformers(LaunchClassLoader.java:279) ~[launchwrapper-1.12.jar:?]
	at net.minecraft.launchwrapper.LaunchClassLoader.findClass(LaunchClassLoader.java:176) ~[launchwrapper-1.12.jar:?]
	at java.lang.ClassLoader.loadClass(Unknown Source) ~[?:1.8.0_391]
	at java.lang.ClassLoader.loadClass(Unknown Source) ~[?:1.8.0_391]
	at java.lang.Class.forName0(Native Method) ~[?:1.8.0_391]
	at java.lang.Class.forName(Unknown Source) ~[?:1.8.0_391]
	at cofh.asm.CoFHAccessTransformer.transform(CoFHAccessTransformer.java:90) ~[CoFHCore-%5B1.7.10%5D3.1.4-329.jar:?]
	at net.minecraft.launchwrapper.LaunchClassLoader.runTransformers(LaunchClassLoader.java:279) ~[launchwrapper-1.12.jar:?]
	at net.minecraft.launchwrapper.LaunchClassLoader.findClass(LaunchClassLoader.java:176) ~[launchwrapper-1.12.jar:?]
	at java.lang.ClassLoader.loadClass(Unknown Source) ~[?:1.8.0_391]
	at java.lang.ClassLoader.loadClass(Unknown Source) ~[?:1.8.0_391]
	at net.minecraft.block.Block.func_149671_p(Block.java:285) ~[aji.class:?]
	at net.minecraft.init.Bootstrap.func_151354_b(Bootstrap.java:714) ~[kl.class:?]
	at net.minecraft.server.MinecraftServer.main(MinecraftServer.java:1590) ~[MinecraftServer.class:?]
	... 12 more
Caused by: org.spongepowered.asm.mixin.transformer.throwables.InvalidMixinException: PRIVATE @Overwrite method func_150043_b in mixins.etfuturum.json:floorceilbutton.MixinBlockButton from mod etfuturum cannot reduce visibiliy of PUBLIC target method
	at org.spongepowered.asm.mixin.transformer.MixinPreProcessorStandard.conformVisibility(MixinPreProcessorStandard.java:479) ~[+unimixins-all-1.7.10-0.1.16.jar:0.12.2+mixin.0.8.5]
	at org.spongepowered.asm.mixin.transformer.MixinPreProcessorStandard.attachSpecialMethod(MixinPreProcessorStandard.java:452) ~[+unimixins-all-1.7.10-0.1.16.jar:0.12.2+mixin.0.8.5]
	at org.spongepowered.asm.mixin.transformer.MixinPreProcessorStandard.attachOverwriteMethod(MixinPreProcessorStandard.java:416) ~[+unimixins-all-1.7.10-0.1.16.jar:0.12.2+mixin.0.8.5]
	at org.spongepowered.asm.mixin.transformer.MixinPreProcessorStandard.attachMethods(MixinPreProcessorStandard.java:346) ~[+unimixins-all-1.7.10-0.1.16.jar:0.12.2+mixin.0.8.5]
	at org.spongepowered.asm.mixin.transformer.MixinPreProcessorStandard.attach(MixinPreProcessorStandard.java:299) ~[+unimixins-all-1.7.10-0.1.16.jar:0.12.2+mixin.0.8.5]
	at org.spongepowered.asm.mixin.transformer.MixinPreProcessorStandard.createContextFor(MixinPreProcessorStandard.java:277) ~[+unimixins-all-1.7.10-0.1.16.jar:0.12.2+mixin.0.8.5]
	at org.spongepowered.asm.mixin.transformer.MixinInfo.createContextFor(MixinInfo.java:1289) ~[+unimixins-all-1.7.10-0.1.16.jar:0.12.2+mixin.0.8.5]
	at org.spongepowered.asm.mixin.transformer.MixinApplicatorStandard.apply(MixinApplicatorStandard.java:294) ~[+unimixins-all-1.7.10-0.1.16.jar:0.12.2+mixin.0.8.5]
	at org.spongepowered.asm.mixin.transformer.TargetClassContext.apply(TargetClassContext.java:421) ~[+unimixins-all-1.7.10-0.1.16.jar:0.12.2+mixin.0.8.5]
	at org.spongepowered.asm.mixin.transformer.TargetClassContext.applyMixins(TargetClassContext.java:403) ~[+unimixins-all-1.7.10-0.1.16.jar:0.12.2+mixin.0.8.5]
	at org.spongepowered.asm.mixin.transformer.MixinProcessor.applyMixins(MixinProcessor.java:363) ~[+unimixins-all-1.7.10-0.1.16.jar:0.12.2+mixin.0.8.5]
	at org.spongepowered.asm.mixin.transformer.MixinTransformer.transformClass(MixinTransformer.java:234) ~[+unimixins-all-1.7.10-0.1.16.jar:0.12.2+mixin.0.8.5]
	at org.spongepowered.asm.mixin.transformer.MixinTransformer.transformClassBytes(MixinTransformer.java:202) ~[+unimixins-all-1.7.10-0.1.16.jar:0.12.2+mixin.0.8.5]
	at org.spongepowered.asm.mixin.transformer.Proxy.transform(Proxy.java:72) ~[+unimixins-all-1.7.10-0.1.16.jar:0.12.2+mixin.0.8.5]
	at net.minecraft.launchwrapper.LaunchClassLoader.runTransformers(LaunchClassLoader.java:279) ~[launchwrapper-1.12.jar:?]
	at net.minecraft.launchwrapper.LaunchClassLoader.findClass(LaunchClassLoader.java:176) ~[launchwrapper-1.12.jar:?]
	at java.lang.ClassLoader.loadClass(Unknown Source) ~[?:1.8.0_391]
	at java.lang.ClassLoader.loadClass(Unknown Source) ~[?:1.8.0_391]
	at java.lang.Class.forName0(Native Method) ~[?:1.8.0_391]
	at java.lang.Class.forName(Unknown Source) ~[?:1.8.0_391]
	at cofh.asm.CoFHAccessTransformer.transform(CoFHAccessTransformer.java:90) ~[CoFHCore-%5B1.7.10%5D3.1.4-329.jar:?]
	at net.minecraft.launchwrapper.LaunchClassLoader.runTransformers(LaunchClassLoader.java:279) ~[launchwrapper-1.12.jar:?]
	at net.minecraft.launchwrapper.LaunchClassLoader.findClass(LaunchClassLoader.java:176) ~[launchwrapper-1.12.jar:?]
	at java.lang.ClassLoader.loadClass(Unknown Source) ~[?:1.8.0_391]
	at java.lang.ClassLoader.loadClass(Unknown Source) ~[?:1.8.0_391]
	at net.minecraft.block.Block.func_149671_p(Block.java:285) ~[aji.class:?]
	at net.minecraft.init.Bootstrap.func_151354_b(Bootstrap.java:714) ~[kl.class:?]
	at net.minecraft.server.MinecraftServer.main(MinecraftServer.java:1590) ~[MinecraftServer.class:?]
	... 12 more
[23:13:00] [main/INFO] [STDERR/]: [java.lang.Throwable$WrappedPrintStream:println:-1]: java.lang.reflect.InvocationTargetException
[23:13:00] [main/INFO] [STDERR/]: [java.lang.Throwable$WrappedPrintStream:println:-1]: 	at sun.reflect.NativeMethodAccessorImpl.invoke0(Native Method)
[23:13:00] [main/INFO] [STDERR/]: [java.lang.Throwable$WrappedPrintStream:println:-1]: 	at sun.reflect.NativeMethodAccessorImpl.invoke(Unknown Source)
[23:13:00] [main/INFO] [STDERR/]: [java.lang.Throwable$WrappedPrintStream:println:-1]: 	at sun.reflect.DelegatingMethodAccessorImpl.invoke(Unknown Source)
[23:13:00] [main/INFO] [STDERR/]: [java.lang.Throwable$WrappedPrintStream:println:-1]: 	at java.lang.reflect.Method.invoke(Unknown Source)
[23:13:00] [main/INFO] [STDERR/]: [java.lang.Throwable$WrappedPrintStream:println:-1]: 	at cpw.mods.fml.relauncher.ServerLaunchWrapper.run(ServerLaunchWrapper.java:43)
[23:13:00] [main/INFO] [STDERR/]: [java.lang.Throwable$WrappedPrintStream:println:-1]: 	at cpw.mods.fml.relauncher.ServerLaunchWrapper.main(ServerLaunchWrapper.java:12)
[23:13:00] [main/INFO] [STDERR/]: [java.lang.Throwable$WrappedPrintStream:println:-1]: Caused by: cpw.mods.fml.relauncher.FMLSecurityManager$ExitTrappedException
[23:13:00] [main/INFO] [STDERR/]: [java.lang.Throwable$WrappedPrintStream:println:-1]: 	at cpw.mods.fml.relauncher.FMLSecurityManager.checkPermission(FMLSecurityManager.java:25)
[23:13:00] [main/INFO] [STDERR/]: [java.lang.Throwable$WrappedPrintStream:println:-1]: 	at java.lang.SecurityManager.checkExit(Unknown Source)
[23:13:00] [main/INFO] [STDERR/]: [java.lang.Throwable$WrappedPrintStream:println:-1]: 	at java.lang.Runtime.exit(Unknown Source)
[23:13:00] [main/INFO] [STDERR/]: [java.lang.Throwable$WrappedPrintStream:println:-1]: 	at java.lang.System.exit(Unknown Source)
[23:13:00] [main/INFO] [STDERR/]: [java.lang.Throwable$WrappedPrintStream:println:-1]: 	at net.minecraft.launchwrapper.Launch.launch(Launch.java:138)
[23:13:00] [main/INFO] [STDERR/]: [java.lang.Throwable$WrappedPrintStream:println:-1]: 	at net.minecraft.launchwrapper.Launch.main(Launch.java:28)
[23:13:00] [main/INFO] [STDERR/]: [java.lang.Throwable$WrappedPrintStream:println:-1]: 	... 6 more
