[01:19:32] [main/INFO] [FML/]: Forge Mod Loader version 7.99.4.1614 for Minecraft 1.7.10 loading
[01:19:32] [main/INFO] [FML/]: Java is Java HotSpot(TM) 64-Bit Server VM, version 1.8.0_391, running on Windows 11:amd64:10.0, installed at C:\Program Files\Java\jre-1.8
[01:19:32] [main/INFO] [STDERR/]: [pw.prok.imagine.ImagineLoadingPlugin:<clinit>:26]: Loading plugin initialized!
[01:19:32] [main/INFO] [FML/]: [AppEng] Core Init
[01:19:34] [main/WARN] [FML/]: The following coremods do not have a @MCVersion annotation. They may cause problems if this is not the correct version of Minecraft for them.
[01:19:34] [main/WARN] [FML/]: Missing @MCVersion: codechicken.core.launch.CodeChickenCorePlugin  cofh.asm.LoadingPlugin  ic2.core.coremod.IC2core  logisticspipes.asm.LogisticsPipesCoreLoader  
[01:19:34] [main/INFO] [LaunchWrapper/]: Loading tweak class name cpw.mods.fml.common.launcher.FMLInjectionAndSortingTweaker
[01:19:34] [main/INFO] [LaunchWrapper/]: Loading tweak class name cpw.mods.fml.common.launcher.FMLDeobfTweaker
[01:19:34] [main/INFO] [LaunchWrapper/]: Calling tweak class cpw.mods.fml.common.launcher.FMLInjectionAndSortingTweaker
[01:19:34] [main/INFO] [LaunchWrapper/]: Calling tweak class cpw.mods.fml.common.launcher.FMLInjectionAndSortingTweaker
[01:19:34] [main/INFO] [LaunchWrapper/]: Calling tweak class cpw.mods.fml.relauncher.CoreModManager$FMLPluginWrapper
[01:19:35] [main/INFO] [LaunchWrapper/]: Calling tweak class cpw.mods.fml.relauncher.CoreModManager$FMLPluginWrapper
[01:19:35] [main/INFO] [LaunchWrapper/]: Calling tweak class cpw.mods.fml.relauncher.CoreModManager$FMLPluginWrapper
[01:19:35] [main/INFO] [LaunchWrapper/]: Calling tweak class cpw.mods.fml.relauncher.CoreModManager$FMLPluginWrapper
[01:19:36] [main/INFO] [LaunchWrapper/]: Calling tweak class cpw.mods.fml.relauncher.CoreModManager$FMLPluginWrapper
[01:19:36] [main/INFO] [LaunchWrapper/]: Calling tweak class cpw.mods.fml.relauncher.CoreModManager$FMLPluginWrapper
[01:19:36] [main/INFO] [LaunchWrapper/]: Calling tweak class cpw.mods.fml.relauncher.CoreModManager$FMLPluginWrapper
[01:19:36] [main/INFO] [IC2-core/]: Loaded library EJML-core-0.26.jar.
[01:19:36] [main/INFO] [LaunchWrapper/]: Calling tweak class cpw.mods.fml.relauncher.CoreModManager$FMLPluginWrapper
[01:19:36] [main/INFO] [LaunchWrapper/]: Calling tweak class cpw.mods.fml.relauncher.CoreModManager$FMLPluginWrapper
[01:19:36] [main/INFO] [LaunchWrapper/]: Calling tweak class cpw.mods.fml.relauncher.CoreModManager$FMLPluginWrapper
[01:19:36] [main/INFO] [LaunchWrapper/]: Calling tweak class cpw.mods.fml.relauncher.CoreModManager$FMLPluginWrapper
[01:19:36] [main/INFO] [LaunchWrapper/]: Calling tweak class cpw.mods.fml.common.launcher.FMLDeobfTweaker
[01:19:36] [main/INFO] [LaunchWrapper/]: Calling tweak class cpw.mods.fml.relauncher.CoreModManager$FMLPluginWrapper
[01:19:36] [main/INFO] [LaunchWrapper/]: Loading tweak class name cpw.mods.fml.common.launcher.TerminalTweaker
[01:19:36] [main/INFO] [LaunchWrapper/]: Calling tweak class cpw.mods.fml.common.launcher.TerminalTweaker
[01:19:36] [main/INFO] [LaunchWrapper/]: Launching wrapped minecraft {net.minecraft.server.MinecraftServer}
[01:19:38] [Server thread/INFO] [MinecraftForge/]: Attempting early MinecraftForge initialization
[01:19:38] [Server thread/INFO] [FML/]: MinecraftForge v10.13.4.1614 Initialized
[01:19:38] [Server thread/INFO] [FML/]: Replaced 183 ore recipies
[01:19:39] [Server thread/INFO] [MinecraftForge/]: Completed early MinecraftForge initialization
[01:19:39] [Server thread/INFO] [FML/]: [AppEng] Core Init
[01:19:39] [Server thread/INFO] [FML/]: Found 0 mods from the command line. Injecting into mod discoverer
[01:19:39] [Server thread/INFO] [FML/]: Searching C:\Users\Marcos\Documents\GitHub\MeteorCraftServer\mods for mods
[01:19:39] [Server thread/INFO] [FML/]: Also searching C:\Users\Marcos\Documents\GitHub\MeteorCraftServer\mods\1.7.10 for mods
[01:19:39] [Server thread/WARN] [ChickenChunks/]: Mod ChickenChunks is missing the required element 'version' and a version.properties file could not be found. Falling back to metadata version 1.3.4.19
[01:19:39] [Server thread/WARN] [EnderStorage/]: Mod EnderStorage is missing the required element 'version' and a version.properties file could not be found. Falling back to metadata version 1.4.7.37
[01:19:40] [Server thread/INFO] [FML/]: Forge Mod Loader has identified 56 mods to load
[01:19:41] [Server thread/ERROR] [FML/]: The mod TConstruct (Tinkers' Construct) requires mod versions [MineFactoryReloaded@[1.7.10R2.8.0RC7,)] to be available
[01:19:41] [Server thread/WARN] [FML/]: Can't revert to frozen GameData state without freezing first.
[01:19:41] [Server thread/INFO] [FML/]: Applying holder lookups
[01:19:41] [Server thread/INFO] [FML/]: Holder lookups applied
[01:19:41] [Server thread/INFO] [FML/]: The state engine was in incorrect state CONSTRUCTING and forced into state SERVER_STOPPED. Errors may have been discarded.
