[01:14:57] [main/INFO] [FML/]: Forge Mod Loader version 7.10.114.1388 for Minecraft 1.7.10 loading
[01:14:58] [main/INFO] [FML/]: Java is Java HotSpot(TM) 64-Bit Server VM, version 1.8.0_391, running on Windows 11:amd64:10.0, installed at C:\Program Files\Java\jre-1.8
[01:14:58] [main/INFO] [FML/]: [AppEng] Core Init
[01:15:00] [main/WARN] [FML/]: The following coremods do not have a @MCVersion annotation. They may cause problems if this is not the correct version of Minecraft for them.
[01:15:00] [main/WARN] [FML/]: Missing @MCVersion: codechicken.core.launch.CodeChickenCorePlugin  cofh.asm.LoadingPlugin  ic2.core.coremod.IC2core  logisticspipes.asm.LogisticsPipesCoreLoader  
[01:15:00] [main/INFO] [LaunchWrapper/]: Loading tweak class name cpw.mods.fml.common.launcher.FMLInjectionAndSortingTweaker
[01:15:00] [main/INFO] [LaunchWrapper/]: Loading tweak class name cpw.mods.fml.common.launcher.FMLDeobfTweaker
[01:15:00] [main/INFO] [LaunchWrapper/]: Calling tweak class cpw.mods.fml.common.launcher.FMLInjectionAndSortingTweaker
[01:15:00] [main/INFO] [LaunchWrapper/]: Calling tweak class cpw.mods.fml.common.launcher.FMLInjectionAndSortingTweaker
[01:15:00] [main/INFO] [LaunchWrapper/]: Calling tweak class cpw.mods.fml.relauncher.CoreModManager$FMLPluginWrapper
[01:15:01] [main/INFO] [LaunchWrapper/]: Calling tweak class cpw.mods.fml.relauncher.CoreModManager$FMLPluginWrapper
[01:15:01] [main/INFO] [LaunchWrapper/]: Calling tweak class cpw.mods.fml.relauncher.CoreModManager$FMLPluginWrapper
[01:15:01] [main/INFO] [LaunchWrapper/]: Calling tweak class cpw.mods.fml.relauncher.CoreModManager$FMLPluginWrapper
[01:15:01] [main/INFO] [LaunchWrapper/]: Calling tweak class cpw.mods.fml.relauncher.CoreModManager$FMLPluginWrapper
[01:15:01] [main/INFO] [LaunchWrapper/]: Calling tweak class cpw.mods.fml.relauncher.CoreModManager$FMLPluginWrapper
[01:15:01] [main/INFO] [IC2-core/]: Loaded library EJML-core-0.26.jar.
[01:15:01] [main/INFO] [LaunchWrapper/]: Calling tweak class cpw.mods.fml.relauncher.CoreModManager$FMLPluginWrapper
[01:15:01] [main/INFO] [LaunchWrapper/]: Calling tweak class cpw.mods.fml.relauncher.CoreModManager$FMLPluginWrapper
[01:15:01] [main/INFO] [LaunchWrapper/]: Calling tweak class cpw.mods.fml.relauncher.CoreModManager$FMLPluginWrapper
[01:15:01] [main/INFO] [LaunchWrapper/]: Calling tweak class cpw.mods.fml.relauncher.CoreModManager$FMLPluginWrapper
[01:15:01] [main/INFO] [LaunchWrapper/]: Calling tweak class cpw.mods.fml.common.launcher.FMLDeobfTweaker
[01:15:01] [main/INFO] [LaunchWrapper/]: Calling tweak class cpw.mods.fml.relauncher.CoreModManager$FMLPluginWrapper
[01:15:01] [main/INFO] [LaunchWrapper/]: Loading tweak class name cpw.mods.fml.common.launcher.TerminalTweaker
[01:15:01] [main/INFO] [LaunchWrapper/]: Calling tweak class cpw.mods.fml.common.launcher.TerminalTweaker
[01:15:02] [main/INFO] [LaunchWrapper/]: Launching wrapped minecraft {net.minecraft.server.MinecraftServer}
[01:15:04] [Server thread/INFO] [MinecraftForge/]: Attempting early MinecraftForge initialization
[01:15:04] [Server thread/INFO] [FML/]: MinecraftForge v10.13.3.1403 Initialized
[01:15:04] [Server thread/INFO] [FML/]: Replaced 183 ore recipies
[01:15:04] [Server thread/INFO] [FML/]: Preloading CrashReport classes
[01:15:04] [Server thread/INFO] [FML/]: 	net.minecraft.world.World$1
[01:15:04] [Server thread/INFO] [FML/]: 	net.minecraft.world.World$2
[01:15:04] [Server thread/INFO] [FML/]: 	net.minecraft.world.World$3
[01:15:04] [Server thread/INFO] [FML/]: 	net.minecraft.world.World$4
[01:15:04] [Server thread/INFO] [FML/]: 	net.minecraft.world.chunk.Chunk$1
[01:15:04] [Server thread/INFO] [FML/]: 	net.minecraft.crash.CrashReportCategory$1
[01:15:04] [Server thread/INFO] [FML/]: 	net.minecraft.crash.CrashReportCategory$2
[01:15:04] [Server thread/INFO] [FML/]: 	net.minecraft.crash.CrashReportCategory$3
[01:15:04] [Server thread/INFO] [FML/]: 	net.minecraft.entity.Entity$1
[01:15:04] [Server thread/INFO] [FML/]: 	net.minecraft.entity.Entity$2
[01:15:04] [Server thread/INFO] [FML/]: 	net.minecraft.entity.EntityTracker$1
[01:15:04] [Server thread/INFO] [FML/]: 	net.minecraft.world.gen.layer.GenLayer$1
[01:15:04] [Server thread/INFO] [FML/]: 	net.minecraft.world.gen.layer.GenLayer$2
[01:15:04] [Server thread/INFO] [FML/]: 	net.minecraft.entity.player.InventoryPlayer$1
[01:15:04] [Server thread/INFO] [FML/]: 	net.minecraft.world.gen.structure.MapGenStructure$1
[01:15:04] [Server thread/INFO] [FML/]: 	net.minecraft.world.gen.structure.MapGenStructure$2
[01:15:04] [Server thread/INFO] [FML/]: 	net.minecraft.world.gen.structure.MapGenStructure$3
[01:15:04] [Server thread/INFO] [FML/]: 	net.minecraft.server.MinecraftServer$3
[01:15:04] [Server thread/INFO] [FML/]: 	net.minecraft.server.MinecraftServer$4
[01:15:04] [Server thread/INFO] [FML/]: 	net.minecraft.server.MinecraftServer$5
[01:15:04] [Server thread/INFO] [FML/]: 	net.minecraft.nbt.NBTTagCompound$1
[01:15:04] [Server thread/INFO] [FML/]: 	net.minecraft.nbt.NBTTagCompound$2
[01:15:04] [Server thread/INFO] [FML/]: 	net.minecraft.network.NetHandlerPlayServer$2
[01:15:04] [Server thread/INFO] [FML/]: 	net.minecraft.network.NetworkSystem$3
[01:15:04] [Server thread/INFO] [FML/]: 	net.minecraft.tileentity.TileEntity$1
[01:15:04] [Server thread/INFO] [FML/]: 	net.minecraft.tileentity.TileEntity$2
[01:15:04] [Server thread/INFO] [FML/]: 	net.minecraft.tileentity.TileEntity$3
[01:15:04] [Server thread/INFO] [FML/]: 	net.minecraft.world.storage.WorldInfo$1
[01:15:04] [Server thread/INFO] [FML/]: 	net.minecraft.world.storage.WorldInfo$2
[01:15:04] [Server thread/INFO] [FML/]: 	net.minecraft.world.storage.WorldInfo$3
[01:15:04] [Server thread/INFO] [FML/]: 	net.minecraft.world.storage.WorldInfo$4
[01:15:04] [Server thread/INFO] [FML/]: 	net.minecraft.world.storage.WorldInfo$5
[01:15:04] [Server thread/INFO] [FML/]: 	net.minecraft.world.storage.WorldInfo$6
[01:15:04] [Server thread/INFO] [FML/]: 	net.minecraft.world.storage.WorldInfo$7
[01:15:04] [Server thread/INFO] [FML/]: 	net.minecraft.world.storage.WorldInfo$8
[01:15:04] [Server thread/INFO] [FML/]: 	net.minecraft.world.storage.WorldInfo$9
[01:15:04] [Server thread/INFO] [FML/]: 	net.minecraft.server.dedicated.DedicatedServer$3
[01:15:04] [Server thread/INFO] [FML/]: 	net.minecraft.server.dedicated.DedicatedServer$4
[01:15:04] [Server thread/INFO] [MinecraftForge/]: Completed early MinecraftForge initialization
[01:15:04] [Server thread/INFO] [FML/]: [AppEng] Core Init
[01:15:04] [Server thread/INFO] [FML/]: Found 0 mods from the command line. Injecting into mod discoverer
[01:15:04] [Server thread/INFO] [FML/]: Searching C:\Users\Marcos\Documents\GitHub\MeteorCraftServer\mods for mods
[01:15:04] [Server thread/INFO] [FML/]: Also searching C:\Users\Marcos\Documents\GitHub\MeteorCraftServer\mods\1.7.10 for mods
[01:15:04] [Server thread/WARN] [ChickenChunks/]: Mod ChickenChunks is missing the required element 'version' and a version.properties file could not be found. Falling back to metadata version 1.3.4.19
[01:15:05] [Server thread/WARN] [EnderStorage/]: Mod EnderStorage is missing the required element 'version' and a version.properties file could not be found. Falling back to metadata version 1.4.7.37
[01:15:05] [Server thread/INFO] [FML/]: Forge Mod Loader has identified 55 mods to load
[01:15:06] [Server thread/ERROR] [FML/]: The mod CoFHCore (CoFH Core) requires mod versions [Forge@[10.13.4.1448,10.14)] to be available
[01:15:06] [Server thread/WARN] [FML/]: Can't revert to frozen GameData state without freezing first.
[01:15:06] [Server thread/INFO] [FML/]: Applying holder lookups
[01:15:06] [Server thread/INFO] [FML/]: Holder lookups applied
[01:15:06] [Server thread/INFO] [FML/]: The state engine was in incorrect state CONSTRUCTING and forced into state SERVER_STOPPED. Errors may have been discarded.
