[03-27 01:41:01]: [INFO] SQLite driver loaded
[03-27 01:41:01]: [INFO] SQLite Setup finished
[03-27 01:41:01]: [INFO] Hooked into Vault!
[03-27 01:41:02]: [WARN] Could not download GeoLiteAPI database [UnknownHostException]: geolite.maxmind.com
[03-27 01:41:02]: java.net.UnknownHostException: geolite.maxmind.com
	at java.net.AbstractPlainSocketImpl.connect(Unknown Source)
	at java.net.PlainSocketImpl.connect(Unknown Source)
	at java.net.SocksSocketImpl.connect(Unknown Source)
	at java.net.Socket.connect(Unknown Source)
	at sun.net.NetworkClient.doConnect(Unknown Source)
	at sun.net.www.http.HttpClient.openServer(Unknown Source)
	at sun.net.www.http.HttpClient.openServer(Unknown Source)
	at sun.net.www.http.HttpClient.<init>(Unknown Source)
	at sun.net.www.http.HttpClient.New(Unknown Source)
	at sun.net.www.http.HttpClient.New(Unknown Source)
	at sun.net.www.protocol.http.HttpURLConnection.getNewHttpClient(Unknown Source)
	at sun.net.www.protocol.http.HttpURLConnection.plainConnect0(Unknown Source)
	at sun.net.www.protocol.http.HttpURLConnection$6.run(Unknown Source)
	at sun.net.www.protocol.http.HttpURLConnection$6.run(Unknown Source)
	at java.security.AccessController.doPrivileged(Native Method)
	at java.security.AccessController.doPrivilegedWithCombiner(Unknown Source)
	at sun.net.www.protocol.http.HttpURLConnection.plainConnect(Unknown Source)
	at sun.net.www.protocol.http.HttpURLConnection.connect(Unknown Source)
	at fr.xephi.authme.service.GeoIpService$1.run(GeoIpService.java:92)
	at java.lang.Thread.run(Unknown Source)

[03-27 01:41:02]: [WARN] WARNING! The protectInventory feature requires ProtocolLib! Disabling it...
[03-27 01:41:02]: [INFO] Development builds are available on our jenkins, thanks to f14stelt.
[03-27 01:41:02]: [INFO] Do you want a good game server? Look at our sponsor GameHosting.it leader in Italy as Game Server Provider!
[03-27 01:41:02]: [INFO] AuthMe 5.3.2 build n.1726 correctly enabled!
[03-27 01:41:09]: [INFO] AuthMe 5.3.2-b1726 disabled!
[03-27 01:45:26]: [INFO] SQLite driver loaded
[03-27 01:45:26]: [INFO] SQLite Setup finished
[03-27 01:45:26]: [INFO] Hooked into Vault!
[03-27 01:45:26]: [WARN] Could not download GeoLiteAPI database [UnknownHostException]: geolite.maxmind.com
[03-27 01:45:26]: java.net.UnknownHostException: geolite.maxmind.com
	at java.net.AbstractPlainSocketImpl.connect(Unknown Source)
	at java.net.PlainSocketImpl.connect(Unknown Source)
	at java.net.SocksSocketImpl.connect(Unknown Source)
	at java.net.Socket.connect(Unknown Source)
	at sun.net.NetworkClient.doConnect(Unknown Source)
	at sun.net.www.http.HttpClient.openServer(Unknown Source)
	at sun.net.www.http.HttpClient.openServer(Unknown Source)
	at sun.net.www.http.HttpClient.<init>(Unknown Source)
	at sun.net.www.http.HttpClient.New(Unknown Source)
	at sun.net.www.http.HttpClient.New(Unknown Source)
	at sun.net.www.protocol.http.HttpURLConnection.getNewHttpClient(Unknown Source)
	at sun.net.www.protocol.http.HttpURLConnection.plainConnect0(Unknown Source)
	at sun.net.www.protocol.http.HttpURLConnection$6.run(Unknown Source)
	at sun.net.www.protocol.http.HttpURLConnection$6.run(Unknown Source)
	at java.security.AccessController.doPrivileged(Native Method)
	at java.security.AccessController.doPrivilegedWithCombiner(Unknown Source)
	at sun.net.www.protocol.http.HttpURLConnection.plainConnect(Unknown Source)
	at sun.net.www.protocol.http.HttpURLConnection.connect(Unknown Source)
	at fr.xephi.authme.service.GeoIpService$1.run(GeoIpService.java:92)
	at java.lang.Thread.run(Unknown Source)

[03-27 01:45:26]: [WARN] WARNING! The protectInventory feature requires ProtocolLib! Disabling it...
[03-27 01:45:27]: [INFO] Development builds are available on our jenkins, thanks to f14stelt.
[03-27 01:45:27]: [INFO] Do you want a good game server? Look at our sponsor GameHosting.it leader in Italy as Game Server Provider!
[03-27 01:45:27]: [INFO] AuthMe 5.3.2 build n.1726 correctly enabled!
[03-27 01:50:08]: [INFO] SQLite driver loaded
[03-27 01:50:08]: [INFO] SQLite Setup finished
[03-27 01:50:08]: [INFO] Hooked into Vault!
[03-27 01:50:08]: [WARN] Could not download GeoLiteAPI database [UnknownHostException]: geolite.maxmind.com
[03-27 01:50:08]: java.net.UnknownHostException: geolite.maxmind.com
	at java.net.AbstractPlainSocketImpl.connect(Unknown Source)
	at java.net.PlainSocketImpl.connect(Unknown Source)
	at java.net.SocksSocketImpl.connect(Unknown Source)
	at java.net.Socket.connect(Unknown Source)
	at sun.net.NetworkClient.doConnect(Unknown Source)
	at sun.net.www.http.HttpClient.openServer(Unknown Source)
	at sun.net.www.http.HttpClient.openServer(Unknown Source)
	at sun.net.www.http.HttpClient.<init>(Unknown Source)
	at sun.net.www.http.HttpClient.New(Unknown Source)
	at sun.net.www.http.HttpClient.New(Unknown Source)
	at sun.net.www.protocol.http.HttpURLConnection.getNewHttpClient(Unknown Source)
	at sun.net.www.protocol.http.HttpURLConnection.plainConnect0(Unknown Source)
	at sun.net.www.protocol.http.HttpURLConnection$6.run(Unknown Source)
	at sun.net.www.protocol.http.HttpURLConnection$6.run(Unknown Source)
	at java.security.AccessController.doPrivileged(Native Method)
	at java.security.AccessController.doPrivilegedWithCombiner(Unknown Source)
	at sun.net.www.protocol.http.HttpURLConnection.plainConnect(Unknown Source)
	at sun.net.www.protocol.http.HttpURLConnection.connect(Unknown Source)
	at fr.xephi.authme.service.GeoIpService$1.run(GeoIpService.java:92)
	at java.lang.Thread.run(Unknown Source)

[03-27 01:50:08]: [WARN] WARNING! The protectInventory feature requires ProtocolLib! Disabling it...
[03-27 01:50:09]: [INFO] Development builds are available on our jenkins, thanks to f14stelt.
[03-27 01:50:09]: [INFO] Do you want a good game server? Look at our sponsor GameHosting.it leader in Italy as Game Server Provider!
[03-27 01:50:09]: [INFO] AuthMe 5.3.2 build n.1726 correctly enabled!
[03-27 01:50:23]: [INFO] AuthMe 5.3.2-b1726 disabled!
[03-27 01:50:54]: [INFO] SQLite driver loaded
[03-27 01:50:54]: [INFO] SQLite Setup finished
[03-27 01:50:54]: [INFO] Hooked into Vault!
[03-27 01:50:54]: [WARN] Could not download GeoLiteAPI database [UnknownHostException]: geolite.maxmind.com
[03-27 01:50:54]: java.net.UnknownHostException: geolite.maxmind.com
	at java.net.AbstractPlainSocketImpl.connect(Unknown Source)
	at java.net.PlainSocketImpl.connect(Unknown Source)
	at java.net.SocksSocketImpl.connect(Unknown Source)
	at java.net.Socket.connect(Unknown Source)
	at sun.net.NetworkClient.doConnect(Unknown Source)
	at sun.net.www.http.HttpClient.openServer(Unknown Source)
	at sun.net.www.http.HttpClient.openServer(Unknown Source)
	at sun.net.www.http.HttpClient.<init>(Unknown Source)
	at sun.net.www.http.HttpClient.New(Unknown Source)
	at sun.net.www.http.HttpClient.New(Unknown Source)
	at sun.net.www.protocol.http.HttpURLConnection.getNewHttpClient(Unknown Source)
	at sun.net.www.protocol.http.HttpURLConnection.plainConnect0(Unknown Source)
	at sun.net.www.protocol.http.HttpURLConnection$6.run(Unknown Source)
	at sun.net.www.protocol.http.HttpURLConnection$6.run(Unknown Source)
	at java.security.AccessController.doPrivileged(Native Method)
	at java.security.AccessController.doPrivilegedWithCombiner(Unknown Source)
	at sun.net.www.protocol.http.HttpURLConnection.plainConnect(Unknown Source)
	at sun.net.www.protocol.http.HttpURLConnection.connect(Unknown Source)
	at fr.xephi.authme.service.GeoIpService$1.run(GeoIpService.java:92)
	at java.lang.Thread.run(Unknown Source)

[03-27 01:50:54]: [WARN] WARNING! The protectInventory feature requires ProtocolLib! Disabling it...
[03-27 01:50:54]: [INFO] Development builds are available on our jenkins, thanks to f14stelt.
[03-27 01:50:54]: [INFO] Do you want a good game server? Look at our sponsor GameHosting.it leader in Italy as Game Server Provider!
[03-27 01:50:54]: [INFO] AuthMe 5.3.2 build n.1726 correctly enabled!
[03-27 01:51:58]: [INFO] AuthMe 5.3.2-b1726 disabled!
[03-27 08:25:39]: [INFO] SQLite driver loaded
[03-27 08:25:39]: [INFO] SQLite Setup finished
[03-27 08:25:39]: [INFO] Hooked into Vault!
[03-27 08:25:40]: [WARN] Could not download GeoLiteAPI database [UnknownHostException]: geolite.maxmind.com
[03-27 08:25:40]: java.net.UnknownHostException: geolite.maxmind.com
	at java.net.AbstractPlainSocketImpl.connect(Unknown Source)
	at java.net.PlainSocketImpl.connect(Unknown Source)
	at java.net.SocksSocketImpl.connect(Unknown Source)
	at java.net.Socket.connect(Unknown Source)
	at sun.net.NetworkClient.doConnect(Unknown Source)
	at sun.net.www.http.HttpClient.openServer(Unknown Source)
	at sun.net.www.http.HttpClient.openServer(Unknown Source)
	at sun.net.www.http.HttpClient.<init>(Unknown Source)
	at sun.net.www.http.HttpClient.New(Unknown Source)
	at sun.net.www.http.HttpClient.New(Unknown Source)
	at sun.net.www.protocol.http.HttpURLConnection.getNewHttpClient(Unknown Source)
	at sun.net.www.protocol.http.HttpURLConnection.plainConnect0(Unknown Source)
	at sun.net.www.protocol.http.HttpURLConnection$6.run(Unknown Source)
	at sun.net.www.protocol.http.HttpURLConnection$6.run(Unknown Source)
	at java.security.AccessController.doPrivileged(Native Method)
	at java.security.AccessController.doPrivilegedWithCombiner(Unknown Source)
	at sun.net.www.protocol.http.HttpURLConnection.plainConnect(Unknown Source)
	at sun.net.www.protocol.http.HttpURLConnection.connect(Unknown Source)
	at fr.xephi.authme.service.GeoIpService$1.run(GeoIpService.java:92)
	at java.lang.Thread.run(Unknown Source)

[03-27 08:25:40]: [WARN] WARNING! The protectInventory feature requires ProtocolLib! Disabling it...
[03-27 08:25:40]: [INFO] Development builds are available on our jenkins, thanks to f14stelt.
[03-27 08:25:40]: [INFO] Do you want a good game server? Look at our sponsor GameHosting.it leader in Italy as Game Server Provider!
[03-27 08:25:40]: [INFO] AuthMe 5.3.2 build n.1726 correctly enabled!
[03-27 10:29:08]: [INFO] AuthMe 5.3.2-b1726 disabled!
[03-27 13:16:06]: [INFO] SQLite driver loaded
[03-27 13:16:06]: [INFO] SQLite Setup finished
[03-27 13:16:06]: [INFO] Hooked into Vault!
[03-27 13:16:07]: [WARN] Could not download GeoLiteAPI database [UnknownHostException]: geolite.maxmind.com
[03-27 13:16:07]: java.net.UnknownHostException: geolite.maxmind.com
	at java.net.AbstractPlainSocketImpl.connect(Unknown Source)
	at java.net.PlainSocketImpl.connect(Unknown Source)
	at java.net.SocksSocketImpl.connect(Unknown Source)
	at java.net.Socket.connect(Unknown Source)
	at sun.net.NetworkClient.doConnect(Unknown Source)
	at sun.net.www.http.HttpClient.openServer(Unknown Source)
	at sun.net.www.http.HttpClient.openServer(Unknown Source)
	at sun.net.www.http.HttpClient.<init>(Unknown Source)
	at sun.net.www.http.HttpClient.New(Unknown Source)
	at sun.net.www.http.HttpClient.New(Unknown Source)
	at sun.net.www.protocol.http.HttpURLConnection.getNewHttpClient(Unknown Source)
	at sun.net.www.protocol.http.HttpURLConnection.plainConnect0(Unknown Source)
	at sun.net.www.protocol.http.HttpURLConnection$6.run(Unknown Source)
	at sun.net.www.protocol.http.HttpURLConnection$6.run(Unknown Source)
	at java.security.AccessController.doPrivileged(Native Method)
	at java.security.AccessController.doPrivilegedWithCombiner(Unknown Source)
	at sun.net.www.protocol.http.HttpURLConnection.plainConnect(Unknown Source)
	at sun.net.www.protocol.http.HttpURLConnection.connect(Unknown Source)
	at fr.xephi.authme.service.GeoIpService$1.run(GeoIpService.java:92)
	at java.lang.Thread.run(Unknown Source)

[03-27 13:16:07]: [WARN] WARNING! The protectInventory feature requires ProtocolLib! Disabling it...
[03-27 13:16:07]: [INFO] Development builds are available on our jenkins, thanks to f14stelt.
[03-27 13:16:07]: [INFO] Do you want a good game server? Look at our sponsor GameHosting.it leader in Italy as Game Server Provider!
[03-27 13:16:07]: [INFO] AuthMe 5.3.2 build n.1726 correctly enabled!
[03-27 13:17:45]: [INFO] SQLite driver loaded
[03-27 13:17:45]: [INFO] SQLite Setup finished
[03-27 13:17:45]: [INFO] Hooked into Vault!
[03-27 13:17:45]: [WARN] Could not download GeoLiteAPI database [UnknownHostException]: geolite.maxmind.com
[03-27 13:17:45]: java.net.UnknownHostException: geolite.maxmind.com
	at java.net.AbstractPlainSocketImpl.connect(Unknown Source)
	at java.net.PlainSocketImpl.connect(Unknown Source)
	at java.net.SocksSocketImpl.connect(Unknown Source)
	at java.net.Socket.connect(Unknown Source)
	at sun.net.NetworkClient.doConnect(Unknown Source)
	at sun.net.www.http.HttpClient.openServer(Unknown Source)
	at sun.net.www.http.HttpClient.openServer(Unknown Source)
	at sun.net.www.http.HttpClient.<init>(Unknown Source)
	at sun.net.www.http.HttpClient.New(Unknown Source)
	at sun.net.www.http.HttpClient.New(Unknown Source)
	at sun.net.www.protocol.http.HttpURLConnection.getNewHttpClient(Unknown Source)
	at sun.net.www.protocol.http.HttpURLConnection.plainConnect0(Unknown Source)
	at sun.net.www.protocol.http.HttpURLConnection$6.run(Unknown Source)
	at sun.net.www.protocol.http.HttpURLConnection$6.run(Unknown Source)
	at java.security.AccessController.doPrivileged(Native Method)
	at java.security.AccessController.doPrivilegedWithCombiner(Unknown Source)
	at sun.net.www.protocol.http.HttpURLConnection.plainConnect(Unknown Source)
	at sun.net.www.protocol.http.HttpURLConnection.connect(Unknown Source)
	at fr.xephi.authme.service.GeoIpService$1.run(GeoIpService.java:92)
	at java.lang.Thread.run(Unknown Source)

[03-27 13:17:45]: [WARN] WARNING! The protectInventory feature requires ProtocolLib! Disabling it...
[03-27 13:17:46]: [INFO] Development builds are available on our jenkins, thanks to f14stelt.
[03-27 13:17:46]: [INFO] Do you want a good game server? Look at our sponsor GameHosting.it leader in Italy as Game Server Provider!
[03-27 13:17:46]: [INFO] AuthMe 5.3.2 build n.1726 correctly enabled!
[03-31 21:55:00]: [INFO] SQLite driver loaded
[03-31 21:55:00]: [INFO] SQLite Setup finished
[03-31 21:55:00]: [INFO] Hooked into Vault!
[03-31 21:55:00]: [WARN] Could not download GeoLiteAPI database [UnknownHostException]: geolite.maxmind.com
[03-31 21:55:00]: java.net.UnknownHostException: geolite.maxmind.com
	at java.net.AbstractPlainSocketImpl.connect(Unknown Source)
	at java.net.PlainSocketImpl.connect(Unknown Source)
	at java.net.SocksSocketImpl.connect(Unknown Source)
	at java.net.Socket.connect(Unknown Source)
	at sun.net.NetworkClient.doConnect(Unknown Source)
	at sun.net.www.http.HttpClient.openServer(Unknown Source)
	at sun.net.www.http.HttpClient.openServer(Unknown Source)
	at sun.net.www.http.HttpClient.<init>(Unknown Source)
	at sun.net.www.http.HttpClient.New(Unknown Source)
	at sun.net.www.http.HttpClient.New(Unknown Source)
	at sun.net.www.protocol.http.HttpURLConnection.getNewHttpClient(Unknown Source)
	at sun.net.www.protocol.http.HttpURLConnection.plainConnect0(Unknown Source)
	at sun.net.www.protocol.http.HttpURLConnection$6.run(Unknown Source)
	at sun.net.www.protocol.http.HttpURLConnection$6.run(Unknown Source)
	at java.security.AccessController.doPrivileged(Native Method)
	at java.security.AccessController.doPrivilegedWithCombiner(Unknown Source)
	at sun.net.www.protocol.http.HttpURLConnection.plainConnect(Unknown Source)
	at sun.net.www.protocol.http.HttpURLConnection.connect(Unknown Source)
	at fr.xephi.authme.service.GeoIpService$1.run(GeoIpService.java:92)
	at java.lang.Thread.run(Unknown Source)

[03-31 21:55:00]: [WARN] WARNING! The protectInventory feature requires ProtocolLib! Disabling it...
[03-31 21:55:01]: [INFO] Development builds are available on our jenkins, thanks to f14stelt.
[03-31 21:55:01]: [INFO] Do you want a good game server? Look at our sponsor GameHosting.it leader in Italy as Game Server Provider!
[03-31 21:55:01]: [INFO] AuthMe 5.3.2 build n.1726 correctly enabled!
[03-31 21:55:43]: [FINE] NexG4mer registered 127.0.0.1
[03-31 21:55:43]: [FINE] NexG4mer logged in!
